info: ::1 - - [05/Nov/2024:10:04:19 +0000] "GET /api/v1/ HTTP/1.1" 200 9 "-" "Mozilla/5.0 (Windows NT 10.0; Win64; x64) AppleWebKit/537.36 (KHTML, like Gecko) Chrome/130.0.0.0 Safari/537.36"

info: ::1 - - [05/Nov/2024:10:04:20 +0000] "GET /favicon.ico HTTP/1.1" 404 47 "-" "Mozilla/5.0 (Windows NT 10.0; Win64; x64) AppleWebKit/537.36 (KHTML, like Gecko) Chrome/130.0.0.0 Safari/537.36"

info: ::1 - - [05/Nov/2024:10:05:26 +0000] "POST /api/v1/register HTTP/1.1" 404 47 "-" "PostmanRuntime/7.42.0"

info: ::1 - - [05/Nov/2024:10:06:05 +0000] "POST /api/v1/users/register HTTP/1.1" 400 50 "-" "PostmanRuntime/7.42.0"

info: ::1 - - [05/Nov/2024:10:06:59 +0000] "POST /api/v1/users/register HTTP/1.1" 201 310 "-" "PostmanRuntime/7.42.0"

info: ::1 - - [05/Nov/2024:10:08:29 +0000] "POST /api/v1/users/login HTTP/1.1" 200 224 "-" "PostmanRuntime/7.42.0"

info: ::1 - - [05/Nov/2024:10:08:57 +0000] "POST /api/v1/users/login HTTP/1.1" 401 50 "-" "PostmanRuntime/7.42.0"

info: ::1 - - [05/Nov/2024:10:09:06 +0000] "POST /api/v1/users/login HTTP/1.1" 200 224 "-" "PostmanRuntime/7.42.0"

info: ::1 - - [05/Nov/2024:10:13:48 +0000] "GET /api/v1/users HTTP/1.1" 404 47 "-" "PostmanRuntime/7.42.0"

info: ::1 - - [05/Nov/2024:10:14:07 +0000] "GET /api/v1/users/ HTTP/1.1" 404 47 "-" "PostmanRuntime/7.42.0"

info: ::1 - - [05/Nov/2024:10:14:48 +0000] "GET /api/v1/users/6729ee436734703bd866d48e HTTP/1.1" 404 47 "-" "PostmanRuntime/7.42.0"

info: ::1 - - [05/Nov/2024:10:16:17 +0000] "GET /api/v1/users/login HTTP/1.1" 404 47 "-" "PostmanRuntime/7.42.0"

info: ::1 - - [05/Nov/2024:10:16:25 +0000] "GET /api/v1/users/login HTTP/1.1" 404 47 "-" "PostmanRuntime/7.42.0"

info: ::1 - - [05/Nov/2024:10:17:01 +0000] "GET /api/v1/users/login HTTP/1.1" 404 47 "-" "PostmanRuntime/7.42.0"

info: ::1 - - [05/Nov/2024:10:17:22 +0000] "GET /api/v1/users/ HTTP/1.1" 404 47 "-" "PostmanRuntime/7.42.0"

info: ::1 - - [05/Nov/2024:10:17:36 +0000] "GET /api/v1/login HTTP/1.1" 404 47 "-" "PostmanRuntime/7.42.0"

info: ::1 - - [05/Nov/2024:10:17:58 +0000] "GET /api/v1/users/login HTTP/1.1" 404 47 "-" "PostmanRuntime/7.42.0"

info: ::1 - - [05/Nov/2024:10:19:55 +0000] "GET /api/v1/users/login HTTP/1.1" 404 47 "-" "PostmanRuntime/7.42.0"

info: ::1 - - [05/Nov/2024:17:27:22 +0000] "GET /api/v1/ HTTP/1.1" 200 9 "-" "Mozilla/5.0 (Windows NT 10.0; Win64; x64) AppleWebKit/537.36 (KHTML, like Gecko) Chrome/130.0.0.0 Safari/537.36"

info: ::1 - - [05/Nov/2024:17:27:23 +0000] "GET /favicon.ico HTTP/1.1" 404 47 "-" "Mozilla/5.0 (Windows NT 10.0; Win64; x64) AppleWebKit/537.36 (KHTML, like Gecko) Chrome/130.0.0.0 Safari/537.36"

info: ::1 - - [05/Nov/2024:17:29:02 +0000] "GET /api/v1/users/register HTTP/1.1" 404 47 "-" "PostmanRuntime/7.42.0"

info: ::1 - - [05/Nov/2024:17:29:14 +0000] "GET /api/v1/register/users HTTP/1.1" 404 47 "-" "PostmanRuntime/7.42.0"

info: ::1 - - [05/Nov/2024:17:29:32 +0000] "POST /api/v1/users/register HTTP/1.1" 201 314 "-" "PostmanRuntime/7.42.0"

info: ::1 - - [05/Nov/2024:17:30:12 +0000] "POST /api/v1/users/login HTTP/1.1" 200 224 "-" "PostmanRuntime/7.42.0"

info: ::1 - - [05/Nov/2024:17:30:46 +0000] "POST /api/v1/users/login HTTP/1.1" 200 224 "-" "PostmanRuntime/7.42.0"

info: ::1 - - [05/Nov/2024:17:30:58 +0000] "POST /api/v1/users/login HTTP/1.1" 401 50 "-" "PostmanRuntime/7.42.0"

info: ::1 - - [05/Nov/2024:17:31:13 +0000] "POST /api/v1/users/login HTTP/1.1" 401 50 "-" "PostmanRuntime/7.42.0"

info: ::1 - - [05/Nov/2024:17:31:24 +0000] "POST /api/v1/users/login HTTP/1.1" 401 50 "-" "PostmanRuntime/7.42.0"

info: ::1 - - [05/Nov/2024:17:31:32 +0000] "POST /api/v1/users/login HTTP/1.1" 200 224 "-" "PostmanRuntime/7.42.0"

info: ::1 - - [05/Nov/2024:17:36:29 +0000] "POST /api/v1/notes HTTP/1.1" 201 249 "-" "PostmanRuntime/7.42.0"

info: ::1 - - [05/Nov/2024:17:37:16 +0000] "POST /api/v1/notes HTTP/1.1" 201 248 "-" "PostmanRuntime/7.42.0"

info: ::1 - - [05/Nov/2024:17:37:44 +0000] "POST /api/v1/notes HTTP/1.1" 201 250 "-" "PostmanRuntime/7.42.0"

info: ::1 - - [05/Nov/2024:17:42:04 +0000] "GET /api/v1/notes HTTP/1.1" 404 47 "-" "PostmanRuntime/7.42.0"

info: ::1 - - [05/Nov/2024:17:42:11 +0000] "GET /api/v1/notes HTTP/1.1" 404 47 "-" "PostmanRuntime/7.42.0"

info: ::1 - - [05/Nov/2024:17:43:32 +0000] "GET /api/v1/notes/672a57e8ef64483fa87e4200 HTTP/1.1" 200 2 "-" "PostmanRuntime/7.42.0"

info: ::1 - - [05/Nov/2024:17:43:45 +0000] "GET /api/v1/notes HTTP/1.1" 404 47 "-" "PostmanRuntime/7.42.0"

info: ::1 - - [05/Nov/2024:17:43:59 +0000] "GET /api/v1/notes HTTP/1.1" 404 47 "-" "PostmanRuntime/7.42.0"

info: ::1 - - [05/Nov/2024:17:44:22 +0000] "GET /api/v1/notes/672a579def64483fa87e41fc HTTP/1.1" 200 2 "-" "PostmanRuntime/7.42.0"

info: ::1 - - [05/Nov/2024:17:44:42 +0000] "GET /api/v1/notes/672a57ccef64483fa87e41fe HTTP/1.1" 200 2 "-" "PostmanRuntime/7.42.0"

info: ::1 - - [05/Nov/2024:17:45:29 +0000] "GET /api/v1/notes/672a57e8ef64483fa87e4200 HTTP/1.1" 200 2 "-" "PostmanRuntime/7.42.0"

info: ::1 - - [05/Nov/2024:17:46:43 +0000] "DELETE /api/v1/notes/672a57e8ef64483fa87e4200 HTTP/1.1" 200 46 "-" "PostmanRuntime/7.42.0"

info: ::1 - - [05/Nov/2024:17:47:33 +0000] "POST /api/v1/notes/672a57e8ef64483fa87e4200/archive HTTP/1.1" 404 47 "-" "PostmanRuntime/7.42.0"

info: ::1 - - [05/Nov/2024:17:47:46 +0000] "POST /api/v1/notes/672a57e8ef64483fa87e4200/archive HTTP/1.1" 404 47 "-" "PostmanRuntime/7.42.0"

