info: ::1 - - [21/Oct/2024:17:52:28 +0000] "GET /api/v1/ HTTP/1.1" 200 9 "-" "Mozilla/5.0 (Windows NT 10.0; Win64; x64) AppleWebKit/537.36 (KHTML, like Gecko) Chrome/130.0.0.0 Safari/537.36"

info: ::1 - - [21/Oct/2024:17:53:05 +0000] "POST /api/v1/users HTTP/1.1" 404 47 "-" "PostmanRuntime/7.42.0"

info: ::1 - - [21/Oct/2024:17:53:11 +0000] "POST /api/v1/users/register HTTP/1.1" 201 308 "-" "PostmanRuntime/7.42.0"

info: ::1 - - [21/Oct/2024:17:56:23 +0000] "POST /api/v1/users/register HTTP/1.1" 201 312 "-" "PostmanRuntime/7.42.0"

info: ::1 - - [21/Oct/2024:17:56:46 +0000] "POST /api/v1/users/login HTTP/1.1" 200 224 "-" "PostmanRuntime/7.42.0"

info: ::1 - - [21/Oct/2024:17:57:20 +0000] "POST /api/v1/users/login HTTP/1.1" 401 50 "-" "PostmanRuntime/7.42.0"

info: ::1 - - [21/Oct/2024:17:57:25 +0000] "POST /api/v1/users/login HTTP/1.1" 200 224 "-" "PostmanRuntime/7.42.0"

info: ::1 - - [21/Oct/2024:17:57:33 +0000] "POST /api/v1/users/register HTTP/1.1" 400 44 "-" "PostmanRuntime/7.42.0"

info: ::1 - - [21/Oct/2024:17:58:19 +0000] "GET /api/v1/users HTTP/1.1" 404 47 "-" "PostmanRuntime/7.42.0"

info: ::1 - - [21/Oct/2024:17:58:24 +0000] "GET /api/v1/users HTTP/1.1" 404 47 "-" "PostmanRuntime/7.42.0"

info: ::1 - - [21/Oct/2024:17:59:08 +0000] "GET /api/v1/users/register HTTP/1.1" 404 47 "-" "PostmanRuntime/7.42.0"

info: ::1 - - [21/Oct/2024:17:59:15 +0000] "GET /api/v1/users/ HTTP/1.1" 404 47 "-" "PostmanRuntime/7.42.0"

info: ::1 - - [21/Oct/2024:17:59:24 +0000] "GET /api/v1/users HTTP/1.1" 404 47 "-" "PostmanRuntime/7.42.0"

info: ::1 - - [21/Oct/2024:17:59:37 +0000] "GET /api/v1/ HTTP/1.1" 304 - "-" "Mozilla/5.0 (Windows NT 10.0; Win64; x64) AppleWebKit/537.36 (KHTML, like Gecko) Chrome/130.0.0.0 Safari/537.36"

info: ::1 - - [21/Oct/2024:18:00:20 +0000] "POST /api/v1/users/register HTTP/1.1" 201 308 "-" "PostmanRuntime/7.42.0"

info: ::1 - - [21/Oct/2024:18:00:39 +0000] "POST /api/v1/users/login HTTP/1.1" 200 224 "-" "PostmanRuntime/7.42.0"

info: ::1 - - [21/Oct/2024:18:00:39 +0000] "POST /api/v1/users/login HTTP/1.1" 200 224 "-" "PostmanRuntime/7.42.0"

info: ::1 - - [21/Oct/2024:18:00:48 +0000] "POST /api/v1/users/login HTTP/1.1" 401 50 "-" "PostmanRuntime/7.42.0"

info: ::1 - - [21/Oct/2024:18:00:54 +0000] "POST /api/v1/users/login HTTP/1.1" 401 50 "-" "PostmanRuntime/7.42.0"

info: ::1 - - [21/Oct/2024:18:01:04 +0000] "POST /api/v1/users/register HTTP/1.1" 400 44 "-" "PostmanRuntime/7.42.0"

