info: Server started at http://localhost:3000/api/v1/ {"timestamp":"2024-12-03T05:26:22.649Z"}
info: Connected to Redis {"timestamp":"2024-12-03T05:26:22.684Z"}
info: Connected to the database. {"timestamp":"2024-12-03T05:26:22.698Z"}
info: Producer connected to RabbitMQ {"timestamp":"2024-12-03T05:26:22.713Z"}
info: RabbitMQ connected successfully {"timestamp":"2024-12-03T05:26:22.714Z"}
error: 
    status - 500 
    message - TokenExpiredError: jwt expired
    at C:\Users\abhia\Github-Repos\fundoo-notes-be\fundoo-notes-be\node_modules\jsonwebtoken\verify.js:152:21
    at getSecret (C:\Users\abhia\Github-Repos\fundoo-notes-be\fundoo-notes-be\node_modules\jsonwebtoken\verify.js:90:14)
    at Object.module.exports [as verify] (C:\Users\abhia\Github-Repos\fundoo-notes-be\fundoo-notes-be\node_modules\jsonwebtoken\verify.js:94:10)
    at C:\Users\abhia\Github-Repos\fundoo-notes-be\fundoo-notes-be\src\middlewares\auth.middleware.ts:29:39
    at Generator.next (<anonymous>)
    at C:\Users\abhia\Github-Repos\fundoo-notes-be\fundoo-notes-be\src\middlewares\auth.middleware.ts:8:71
    at new Promise (<anonymous>)
    at __awaiter (C:\Users\abhia\Github-Repos\fundoo-notes-be\fundoo-notes-be\src\middlewares\auth.middleware.ts:4:12)
    at userAuth (C:\Users\abhia\Github-Repos\fundoo-notes-be\fundoo-notes-be\src\middlewares\auth.middleware.ts:18:20)
    at Layer.handle [as handle_request] (C:\Users\abhia\Github-Repos\fundoo-notes-be\fundoo-notes-be\node_modules\express\lib\router\layer.js:95:5)
    at next (C:\Users\abhia\Github-Repos\fundoo-notes-be\fundoo-notes-be\node_modules\express\lib\router\route.js:149:13)
    at Route.dispatch (C:\Users\abhia\Github-Repos\fundoo-notes-be\fundoo-notes-be\node_modules\express\lib\router\route.js:119:3)
    at Layer.handle [as handle_request] (C:\Users\abhia\Github-Repos\fundoo-notes-be\fundoo-notes-be\node_modules\express\lib\router\layer.js:95:5)
    at C:\Users\abhia\Github-Repos\fundoo-notes-be\fundoo-notes-be\node_modules\express\lib\router\index.js:284:15
    at Function.process_params (C:\Users\abhia\Github-Repos\fundoo-notes-be\fundoo-notes-be\node_modules\express\lib\router\index.js:346:12)
    at next (C:\Users\abhia\Github-Repos\fundoo-notes-be\fundoo-notes-be\node_modules\express\lib\router\index.js:280:10) 
    url - /api/v1/notes 
    method - GET 
    IP - ::1
   {"timestamp":"2024-12-03T05:26:59.959Z"}
error: 
    status - 500 
    message - TokenExpiredError: jwt expired
    at C:\Users\abhia\Github-Repos\fundoo-notes-be\fundoo-notes-be\node_modules\jsonwebtoken\verify.js:152:21
    at getSecret (C:\Users\abhia\Github-Repos\fundoo-notes-be\fundoo-notes-be\node_modules\jsonwebtoken\verify.js:90:14)
    at Object.module.exports [as verify] (C:\Users\abhia\Github-Repos\fundoo-notes-be\fundoo-notes-be\node_modules\jsonwebtoken\verify.js:94:10)
    at C:\Users\abhia\Github-Repos\fundoo-notes-be\fundoo-notes-be\src\middlewares\auth.middleware.ts:29:39
    at Generator.next (<anonymous>)
    at C:\Users\abhia\Github-Repos\fundoo-notes-be\fundoo-notes-be\src\middlewares\auth.middleware.ts:8:71
    at new Promise (<anonymous>)
    at __awaiter (C:\Users\abhia\Github-Repos\fundoo-notes-be\fundoo-notes-be\src\middlewares\auth.middleware.ts:4:12)
    at userAuth (C:\Users\abhia\Github-Repos\fundoo-notes-be\fundoo-notes-be\src\middlewares\auth.middleware.ts:18:20)
    at Layer.handle [as handle_request] (C:\Users\abhia\Github-Repos\fundoo-notes-be\fundoo-notes-be\node_modules\express\lib\router\layer.js:95:5)
    at next (C:\Users\abhia\Github-Repos\fundoo-notes-be\fundoo-notes-be\node_modules\express\lib\router\route.js:149:13)
    at Route.dispatch (C:\Users\abhia\Github-Repos\fundoo-notes-be\fundoo-notes-be\node_modules\express\lib\router\route.js:119:3)
    at Layer.handle [as handle_request] (C:\Users\abhia\Github-Repos\fundoo-notes-be\fundoo-notes-be\node_modules\express\lib\router\layer.js:95:5)
    at C:\Users\abhia\Github-Repos\fundoo-notes-be\fundoo-notes-be\node_modules\express\lib\router\index.js:284:15
    at Function.process_params (C:\Users\abhia\Github-Repos\fundoo-notes-be\fundoo-notes-be\node_modules\express\lib\router\index.js:346:12)
    at next (C:\Users\abhia\Github-Repos\fundoo-notes-be\fundoo-notes-be\node_modules\express\lib\router\index.js:280:10) 
    url - /api/v1/notes 
    method - GET 
    IP - ::1
   {"timestamp":"2024-12-03T05:26:59.984Z"}
info: Message sent to queue: {"action":"create_note","data":{"isArchived":false,"isTrashed":false,"_id":"674e985d8c795c4678ad29a0","title":"hello","content":" 3/12","createdAt":"2024-12-03T05:34:21.653Z","updatedAt":"2024-12-03T05:34:21.653Z","__v":0}} {"timestamp":"2024-12-03T05:34:21.662Z"}
error: 
    status - 500 
    message - ValidationError: Note validation failed: title: Path `title` is required., content: Path `content` is required.
    at model.Document.invalidate (C:\Users\abhia\Github-Repos\fundoo-notes-be\fundoo-notes-be\node_modules\mongoose\lib\document.js:2788:32)
    at C:\Users\abhia\Github-Repos\fundoo-notes-be\fundoo-notes-be\node_modules\mongoose\lib\document.js:2580:17
    at C:\Users\abhia\Github-Repos\fundoo-notes-be\fundoo-notes-be\node_modules\mongoose\lib\schematype.js:1273:9
    at processTicksAndRejections (node:internal/process/task_queues:77:11) 
    url - /api/v1/notes 
    method - POST 
    IP - ::1
   {"timestamp":"2024-12-03T05:44:49.677Z"}
info: Server started at http://localhost:3000/api/v1/ {"timestamp":"2024-12-03T05:45:09.378Z"}
info: Connected to Redis {"timestamp":"2024-12-03T05:45:09.403Z"}
info: Connected to the database. {"timestamp":"2024-12-03T05:45:09.415Z"}
info: Producer connected to RabbitMQ {"timestamp":"2024-12-03T05:45:09.431Z"}
info: RabbitMQ connected successfully {"timestamp":"2024-12-03T05:45:09.432Z"}
info: Server started at http://localhost:3000/api/v1/ {"timestamp":"2024-12-03T06:53:15.634Z"}
info: Connected to Redis {"timestamp":"2024-12-03T06:53:15.678Z"}
info: Connected to the database. {"timestamp":"2024-12-03T06:53:15.696Z"}
info: Producer connected to RabbitMQ {"timestamp":"2024-12-03T06:53:15.740Z"}
info: RabbitMQ connected successfully {"timestamp":"2024-12-03T06:53:15.741Z"}
info: Message sent to queue: {"action":"create_note","data":{"isArchived":false,"isTrashed":false,"_id":"674eab98c6ed6554e89fa6b4","title":"code","content":"fatt gaya","createdAt":"2024-12-03T06:56:24.426Z","updatedAt":"2024-12-03T06:56:24.426Z","__v":0}} {"timestamp":"2024-12-03T06:56:24.445Z"}
error: 
    status - 500 
    message - TokenExpiredError: jwt expired
    at C:\Users\abhia\Github-Repos\fundoo-notes-be\fundoo-notes-be\node_modules\jsonwebtoken\verify.js:152:21
    at getSecret (C:\Users\abhia\Github-Repos\fundoo-notes-be\fundoo-notes-be\node_modules\jsonwebtoken\verify.js:90:14)
    at Object.module.exports [as verify] (C:\Users\abhia\Github-Repos\fundoo-notes-be\fundoo-notes-be\node_modules\jsonwebtoken\verify.js:94:10)
    at C:\Users\abhia\Github-Repos\fundoo-notes-be\fundoo-notes-be\src\middlewares\auth.middleware.ts:29:39
    at Generator.next (<anonymous>)
    at C:\Users\abhia\Github-Repos\fundoo-notes-be\fundoo-notes-be\src\middlewares\auth.middleware.ts:8:71
    at new Promise (<anonymous>)
    at __awaiter (C:\Users\abhia\Github-Repos\fundoo-notes-be\fundoo-notes-be\src\middlewares\auth.middleware.ts:4:12)
    at userAuth (C:\Users\abhia\Github-Repos\fundoo-notes-be\fundoo-notes-be\src\middlewares\auth.middleware.ts:18:20)
    at Layer.handle [as handle_request] (C:\Users\abhia\Github-Repos\fundoo-notes-be\fundoo-notes-be\node_modules\express\lib\router\layer.js:95:5)
    at next (C:\Users\abhia\Github-Repos\fundoo-notes-be\fundoo-notes-be\node_modules\express\lib\router\route.js:149:13)
    at Route.dispatch (C:\Users\abhia\Github-Repos\fundoo-notes-be\fundoo-notes-be\node_modules\express\lib\router\route.js:119:3)
    at Layer.handle [as handle_request] (C:\Users\abhia\Github-Repos\fundoo-notes-be\fundoo-notes-be\node_modules\express\lib\router\layer.js:95:5)
    at C:\Users\abhia\Github-Repos\fundoo-notes-be\fundoo-notes-be\node_modules\express\lib\router\index.js:284:15
    at Function.process_params (C:\Users\abhia\Github-Repos\fundoo-notes-be\fundoo-notes-be\node_modules\express\lib\router\index.js:346:12)
    at next (C:\Users\abhia\Github-Repos\fundoo-notes-be\fundoo-notes-be\node_modules\express\lib\router\index.js:280:10) 
    url - /api/v1/notes 
    method - GET 
    IP - ::1
   {"timestamp":"2024-12-03T08:40:33.899Z"}
error: 
    status - 500 
    message - TokenExpiredError: jwt expired
    at C:\Users\abhia\Github-Repos\fundoo-notes-be\fundoo-notes-be\node_modules\jsonwebtoken\verify.js:152:21
    at getSecret (C:\Users\abhia\Github-Repos\fundoo-notes-be\fundoo-notes-be\node_modules\jsonwebtoken\verify.js:90:14)
    at Object.module.exports [as verify] (C:\Users\abhia\Github-Repos\fundoo-notes-be\fundoo-notes-be\node_modules\jsonwebtoken\verify.js:94:10)
    at C:\Users\abhia\Github-Repos\fundoo-notes-be\fundoo-notes-be\src\middlewares\auth.middleware.ts:29:39
    at Generator.next (<anonymous>)
    at C:\Users\abhia\Github-Repos\fundoo-notes-be\fundoo-notes-be\src\middlewares\auth.middleware.ts:8:71
    at new Promise (<anonymous>)
    at __awaiter (C:\Users\abhia\Github-Repos\fundoo-notes-be\fundoo-notes-be\src\middlewares\auth.middleware.ts:4:12)
    at userAuth (C:\Users\abhia\Github-Repos\fundoo-notes-be\fundoo-notes-be\src\middlewares\auth.middleware.ts:18:20)
    at Layer.handle [as handle_request] (C:\Users\abhia\Github-Repos\fundoo-notes-be\fundoo-notes-be\node_modules\express\lib\router\layer.js:95:5)
    at next (C:\Users\abhia\Github-Repos\fundoo-notes-be\fundoo-notes-be\node_modules\express\lib\router\route.js:149:13)
    at Route.dispatch (C:\Users\abhia\Github-Repos\fundoo-notes-be\fundoo-notes-be\node_modules\express\lib\router\route.js:119:3)
    at Layer.handle [as handle_request] (C:\Users\abhia\Github-Repos\fundoo-notes-be\fundoo-notes-be\node_modules\express\lib\router\layer.js:95:5)
    at C:\Users\abhia\Github-Repos\fundoo-notes-be\fundoo-notes-be\node_modules\express\lib\router\index.js:284:15
    at Function.process_params (C:\Users\abhia\Github-Repos\fundoo-notes-be\fundoo-notes-be\node_modules\express\lib\router\index.js:346:12)
    at next (C:\Users\abhia\Github-Repos\fundoo-notes-be\fundoo-notes-be\node_modules\express\lib\router\index.js:280:10) 
    url - /api/v1/notes 
    method - POST 
    IP - ::1
   {"timestamp":"2024-12-03T08:55:34.378Z"}
error: 
    status - 500 
    message - TokenExpiredError: jwt expired
    at C:\Users\abhia\Github-Repos\fundoo-notes-be\fundoo-notes-be\node_modules\jsonwebtoken\verify.js:152:21
    at getSecret (C:\Users\abhia\Github-Repos\fundoo-notes-be\fundoo-notes-be\node_modules\jsonwebtoken\verify.js:90:14)
    at Object.module.exports [as verify] (C:\Users\abhia\Github-Repos\fundoo-notes-be\fundoo-notes-be\node_modules\jsonwebtoken\verify.js:94:10)
    at C:\Users\abhia\Github-Repos\fundoo-notes-be\fundoo-notes-be\src\middlewares\auth.middleware.ts:29:39
    at Generator.next (<anonymous>)
    at C:\Users\abhia\Github-Repos\fundoo-notes-be\fundoo-notes-be\src\middlewares\auth.middleware.ts:8:71
    at new Promise (<anonymous>)
    at __awaiter (C:\Users\abhia\Github-Repos\fundoo-notes-be\fundoo-notes-be\src\middlewares\auth.middleware.ts:4:12)
    at userAuth (C:\Users\abhia\Github-Repos\fundoo-notes-be\fundoo-notes-be\src\middlewares\auth.middleware.ts:18:20)
    at Layer.handle [as handle_request] (C:\Users\abhia\Github-Repos\fundoo-notes-be\fundoo-notes-be\node_modules\express\lib\router\layer.js:95:5)
    at next (C:\Users\abhia\Github-Repos\fundoo-notes-be\fundoo-notes-be\node_modules\express\lib\router\route.js:149:13)
    at Route.dispatch (C:\Users\abhia\Github-Repos\fundoo-notes-be\fundoo-notes-be\node_modules\express\lib\router\route.js:119:3)
    at Layer.handle [as handle_request] (C:\Users\abhia\Github-Repos\fundoo-notes-be\fundoo-notes-be\node_modules\express\lib\router\layer.js:95:5)
    at C:\Users\abhia\Github-Repos\fundoo-notes-be\fundoo-notes-be\node_modules\express\lib\router\index.js:284:15
    at Function.process_params (C:\Users\abhia\Github-Repos\fundoo-notes-be\fundoo-notes-be\node_modules\express\lib\router\index.js:346:12)
    at next (C:\Users\abhia\Github-Repos\fundoo-notes-be\fundoo-notes-be\node_modules\express\lib\router\index.js:280:10) 
    url - /api/v1/notes 
    method - GET 
    IP - ::1
   {"timestamp":"2024-12-03T08:55:44.417Z"}
error: 
    status - 500 
    message - TokenExpiredError: jwt expired
    at C:\Users\abhia\Github-Repos\fundoo-notes-be\fundoo-notes-be\node_modules\jsonwebtoken\verify.js:152:21
    at getSecret (C:\Users\abhia\Github-Repos\fundoo-notes-be\fundoo-notes-be\node_modules\jsonwebtoken\verify.js:90:14)
    at Object.module.exports [as verify] (C:\Users\abhia\Github-Repos\fundoo-notes-be\fundoo-notes-be\node_modules\jsonwebtoken\verify.js:94:10)
    at C:\Users\abhia\Github-Repos\fundoo-notes-be\fundoo-notes-be\src\middlewares\auth.middleware.ts:29:39
    at Generator.next (<anonymous>)
    at C:\Users\abhia\Github-Repos\fundoo-notes-be\fundoo-notes-be\src\middlewares\auth.middleware.ts:8:71
    at new Promise (<anonymous>)
    at __awaiter (C:\Users\abhia\Github-Repos\fundoo-notes-be\fundoo-notes-be\src\middlewares\auth.middleware.ts:4:12)
    at userAuth (C:\Users\abhia\Github-Repos\fundoo-notes-be\fundoo-notes-be\src\middlewares\auth.middleware.ts:18:20)
    at Layer.handle [as handle_request] (C:\Users\abhia\Github-Repos\fundoo-notes-be\fundoo-notes-be\node_modules\express\lib\router\layer.js:95:5)
    at next (C:\Users\abhia\Github-Repos\fundoo-notes-be\fundoo-notes-be\node_modules\express\lib\router\route.js:149:13)
    at Route.dispatch (C:\Users\abhia\Github-Repos\fundoo-notes-be\fundoo-notes-be\node_modules\express\lib\router\route.js:119:3)
    at Layer.handle [as handle_request] (C:\Users\abhia\Github-Repos\fundoo-notes-be\fundoo-notes-be\node_modules\express\lib\router\layer.js:95:5)
    at C:\Users\abhia\Github-Repos\fundoo-notes-be\fundoo-notes-be\node_modules\express\lib\router\index.js:284:15
    at Function.process_params (C:\Users\abhia\Github-Repos\fundoo-notes-be\fundoo-notes-be\node_modules\express\lib\router\index.js:346:12)
    at next (C:\Users\abhia\Github-Repos\fundoo-notes-be\fundoo-notes-be\node_modules\express\lib\router\index.js:280:10) 
    url - /api/v1/notes 
    method - GET 
    IP - ::1
   {"timestamp":"2024-12-03T08:55:44.436Z"}
error: 
    status - 500 
    message - TokenExpiredError: jwt expired
    at C:\Users\abhia\Github-Repos\fundoo-notes-be\fundoo-notes-be\node_modules\jsonwebtoken\verify.js:152:21
    at getSecret (C:\Users\abhia\Github-Repos\fundoo-notes-be\fundoo-notes-be\node_modules\jsonwebtoken\verify.js:90:14)
    at Object.module.exports [as verify] (C:\Users\abhia\Github-Repos\fundoo-notes-be\fundoo-notes-be\node_modules\jsonwebtoken\verify.js:94:10)
    at C:\Users\abhia\Github-Repos\fundoo-notes-be\fundoo-notes-be\src\middlewares\auth.middleware.ts:29:39
    at Generator.next (<anonymous>)
    at C:\Users\abhia\Github-Repos\fundoo-notes-be\fundoo-notes-be\src\middlewares\auth.middleware.ts:8:71
    at new Promise (<anonymous>)
    at __awaiter (C:\Users\abhia\Github-Repos\fundoo-notes-be\fundoo-notes-be\src\middlewares\auth.middleware.ts:4:12)
    at userAuth (C:\Users\abhia\Github-Repos\fundoo-notes-be\fundoo-notes-be\src\middlewares\auth.middleware.ts:18:20)
    at Layer.handle [as handle_request] (C:\Users\abhia\Github-Repos\fundoo-notes-be\fundoo-notes-be\node_modules\express\lib\router\layer.js:95:5)
    at next (C:\Users\abhia\Github-Repos\fundoo-notes-be\fundoo-notes-be\node_modules\express\lib\router\route.js:149:13)
    at Route.dispatch (C:\Users\abhia\Github-Repos\fundoo-notes-be\fundoo-notes-be\node_modules\express\lib\router\route.js:119:3)
    at Layer.handle [as handle_request] (C:\Users\abhia\Github-Repos\fundoo-notes-be\fundoo-notes-be\node_modules\express\lib\router\layer.js:95:5)
    at C:\Users\abhia\Github-Repos\fundoo-notes-be\fundoo-notes-be\node_modules\express\lib\router\index.js:284:15
    at Function.process_params (C:\Users\abhia\Github-Repos\fundoo-notes-be\fundoo-notes-be\node_modules\express\lib\router\index.js:346:12)
    at next (C:\Users\abhia\Github-Repos\fundoo-notes-be\fundoo-notes-be\node_modules\express\lib\router\index.js:280:10) 
    url - /api/v1/notes 
    method - GET 
    IP - ::1
   {"timestamp":"2024-12-03T08:55:46.763Z"}
error: 
    status - 500 
    message - TokenExpiredError: jwt expired
    at C:\Users\abhia\Github-Repos\fundoo-notes-be\fundoo-notes-be\node_modules\jsonwebtoken\verify.js:152:21
    at getSecret (C:\Users\abhia\Github-Repos\fundoo-notes-be\fundoo-notes-be\node_modules\jsonwebtoken\verify.js:90:14)
    at Object.module.exports [as verify] (C:\Users\abhia\Github-Repos\fundoo-notes-be\fundoo-notes-be\node_modules\jsonwebtoken\verify.js:94:10)
    at C:\Users\abhia\Github-Repos\fundoo-notes-be\fundoo-notes-be\src\middlewares\auth.middleware.ts:29:39
    at Generator.next (<anonymous>)
    at C:\Users\abhia\Github-Repos\fundoo-notes-be\fundoo-notes-be\src\middlewares\auth.middleware.ts:8:71
    at new Promise (<anonymous>)
    at __awaiter (C:\Users\abhia\Github-Repos\fundoo-notes-be\fundoo-notes-be\src\middlewares\auth.middleware.ts:4:12)
    at userAuth (C:\Users\abhia\Github-Repos\fundoo-notes-be\fundoo-notes-be\src\middlewares\auth.middleware.ts:18:20)
    at Layer.handle [as handle_request] (C:\Users\abhia\Github-Repos\fundoo-notes-be\fundoo-notes-be\node_modules\express\lib\router\layer.js:95:5)
    at next (C:\Users\abhia\Github-Repos\fundoo-notes-be\fundoo-notes-be\node_modules\express\lib\router\route.js:149:13)
    at Route.dispatch (C:\Users\abhia\Github-Repos\fundoo-notes-be\fundoo-notes-be\node_modules\express\lib\router\route.js:119:3)
    at Layer.handle [as handle_request] (C:\Users\abhia\Github-Repos\fundoo-notes-be\fundoo-notes-be\node_modules\express\lib\router\layer.js:95:5)
    at C:\Users\abhia\Github-Repos\fundoo-notes-be\fundoo-notes-be\node_modules\express\lib\router\index.js:284:15
    at Function.process_params (C:\Users\abhia\Github-Repos\fundoo-notes-be\fundoo-notes-be\node_modules\express\lib\router\index.js:346:12)
    at next (C:\Users\abhia\Github-Repos\fundoo-notes-be\fundoo-notes-be\node_modules\express\lib\router\index.js:280:10) 
    url - /api/v1/notes 
    method - GET 
    IP - ::1
   {"timestamp":"2024-12-03T08:55:46.771Z"}
info: Server started at http://localhost:3000/api/v1/ {"timestamp":"2024-12-03T08:55:57.441Z"}
info: Connected to Redis {"timestamp":"2024-12-03T08:55:57.476Z"}
info: Connected to the database. {"timestamp":"2024-12-03T08:55:57.488Z"}
info: Producer connected to RabbitMQ {"timestamp":"2024-12-03T08:55:57.505Z"}
info: RabbitMQ connected successfully {"timestamp":"2024-12-03T08:55:57.506Z"}
error: 
    status - 500 
    message - TokenExpiredError: jwt expired
    at C:\Users\abhia\Github-Repos\fundoo-notes-be\fundoo-notes-be\node_modules\jsonwebtoken\verify.js:152:21
    at getSecret (C:\Users\abhia\Github-Repos\fundoo-notes-be\fundoo-notes-be\node_modules\jsonwebtoken\verify.js:90:14)
    at Object.module.exports [as verify] (C:\Users\abhia\Github-Repos\fundoo-notes-be\fundoo-notes-be\node_modules\jsonwebtoken\verify.js:94:10)
    at C:\Users\abhia\Github-Repos\fundoo-notes-be\fundoo-notes-be\src\middlewares\auth.middleware.ts:29:39
    at Generator.next (<anonymous>)
    at C:\Users\abhia\Github-Repos\fundoo-notes-be\fundoo-notes-be\src\middlewares\auth.middleware.ts:8:71
    at new Promise (<anonymous>)
    at __awaiter (C:\Users\abhia\Github-Repos\fundoo-notes-be\fundoo-notes-be\src\middlewares\auth.middleware.ts:4:12)
    at userAuth (C:\Users\abhia\Github-Repos\fundoo-notes-be\fundoo-notes-be\src\middlewares\auth.middleware.ts:18:20)
    at Layer.handle [as handle_request] (C:\Users\abhia\Github-Repos\fundoo-notes-be\fundoo-notes-be\node_modules\express\lib\router\layer.js:95:5)
    at next (C:\Users\abhia\Github-Repos\fundoo-notes-be\fundoo-notes-be\node_modules\express\lib\router\route.js:149:13)
    at Route.dispatch (C:\Users\abhia\Github-Repos\fundoo-notes-be\fundoo-notes-be\node_modules\express\lib\router\route.js:119:3)
    at Layer.handle [as handle_request] (C:\Users\abhia\Github-Repos\fundoo-notes-be\fundoo-notes-be\node_modules\express\lib\router\layer.js:95:5)
    at C:\Users\abhia\Github-Repos\fundoo-notes-be\fundoo-notes-be\node_modules\express\lib\router\index.js:284:15
    at Function.process_params (C:\Users\abhia\Github-Repos\fundoo-notes-be\fundoo-notes-be\node_modules\express\lib\router\index.js:346:12)
    at next (C:\Users\abhia\Github-Repos\fundoo-notes-be\fundoo-notes-be\node_modules\express\lib\router\index.js:280:10) 
    url - /api/v1/notes 
    method - GET 
    IP - ::1
   {"timestamp":"2024-12-03T08:56:05.682Z"}
error: 
    status - 500 
    message - TokenExpiredError: jwt expired
    at C:\Users\abhia\Github-Repos\fundoo-notes-be\fundoo-notes-be\node_modules\jsonwebtoken\verify.js:152:21
    at getSecret (C:\Users\abhia\Github-Repos\fundoo-notes-be\fundoo-notes-be\node_modules\jsonwebtoken\verify.js:90:14)
    at Object.module.exports [as verify] (C:\Users\abhia\Github-Repos\fundoo-notes-be\fundoo-notes-be\node_modules\jsonwebtoken\verify.js:94:10)
    at C:\Users\abhia\Github-Repos\fundoo-notes-be\fundoo-notes-be\src\middlewares\auth.middleware.ts:29:39
    at Generator.next (<anonymous>)
    at C:\Users\abhia\Github-Repos\fundoo-notes-be\fundoo-notes-be\src\middlewares\auth.middleware.ts:8:71
    at new Promise (<anonymous>)
    at __awaiter (C:\Users\abhia\Github-Repos\fundoo-notes-be\fundoo-notes-be\src\middlewares\auth.middleware.ts:4:12)
    at userAuth (C:\Users\abhia\Github-Repos\fundoo-notes-be\fundoo-notes-be\src\middlewares\auth.middleware.ts:18:20)
    at Layer.handle [as handle_request] (C:\Users\abhia\Github-Repos\fundoo-notes-be\fundoo-notes-be\node_modules\express\lib\router\layer.js:95:5)
    at next (C:\Users\abhia\Github-Repos\fundoo-notes-be\fundoo-notes-be\node_modules\express\lib\router\route.js:149:13)
    at Route.dispatch (C:\Users\abhia\Github-Repos\fundoo-notes-be\fundoo-notes-be\node_modules\express\lib\router\route.js:119:3)
    at Layer.handle [as handle_request] (C:\Users\abhia\Github-Repos\fundoo-notes-be\fundoo-notes-be\node_modules\express\lib\router\layer.js:95:5)
    at C:\Users\abhia\Github-Repos\fundoo-notes-be\fundoo-notes-be\node_modules\express\lib\router\index.js:284:15
    at Function.process_params (C:\Users\abhia\Github-Repos\fundoo-notes-be\fundoo-notes-be\node_modules\express\lib\router\index.js:346:12)
    at next (C:\Users\abhia\Github-Repos\fundoo-notes-be\fundoo-notes-be\node_modules\express\lib\router\index.js:280:10) 
    url - /api/v1/notes 
    method - GET 
    IP - ::1
   {"timestamp":"2024-12-03T08:56:05.692Z"}
info: Message sent to queue: {"action":"create_note","data":{"isArchived":false,"isTrashed":false,"_id":"674ec7c2d7f3c24c483d3314","title":"hello","content":"ram ram sareyan ne","createdAt":"2024-12-03T08:56:34.062Z","updatedAt":"2024-12-03T08:56:34.062Z","__v":0}} {"timestamp":"2024-12-03T08:56:34.079Z"}
info: Message sent to queue: {"action":"create_note","data":{"isArchived":false,"isTrashed":false,"_id":"674ec86fd7f3c24c483d3316","title":"me hu jiyan ","content":"mera code nahi chal raha","createdAt":"2024-12-03T08:59:27.815Z","updatedAt":"2024-12-03T08:59:27.815Z","__v":0}} {"timestamp":"2024-12-03T08:59:27.817Z"}
info: Message sent to queue: {"action":"create_note","data":{"isArchived":false,"isTrashed":false,"_id":"674ec8b3d7f3c24c483d3319","title":"jkjkjk","content":"jjkkj","createdAt":"2024-12-03T09:00:35.429Z","updatedAt":"2024-12-03T09:00:35.429Z","__v":0}} {"timestamp":"2024-12-03T09:00:35.433Z"}
info: Server started at http://localhost:3000/api/v1/ {"timestamp":"2024-12-03T11:05:46.497Z"}
info: Connected to Redis {"timestamp":"2024-12-03T11:05:46.535Z"}
info: Connected to the database. {"timestamp":"2024-12-03T11:05:46.553Z"}
info: Producer connected to RabbitMQ {"timestamp":"2024-12-03T11:05:46.585Z"}
info: RabbitMQ connected successfully {"timestamp":"2024-12-03T11:05:46.587Z"}
error: 
    status - 500 
    message - TokenExpiredError: jwt expired
    at C:\Users\abhia\Github-Repos\fundoo-notes-be\fundoo-notes-be\node_modules\jsonwebtoken\verify.js:152:21
    at getSecret (C:\Users\abhia\Github-Repos\fundoo-notes-be\fundoo-notes-be\node_modules\jsonwebtoken\verify.js:90:14)
    at Object.module.exports [as verify] (C:\Users\abhia\Github-Repos\fundoo-notes-be\fundoo-notes-be\node_modules\jsonwebtoken\verify.js:94:10)
    at C:\Users\abhia\Github-Repos\fundoo-notes-be\fundoo-notes-be\src\middlewares\auth.middleware.ts:29:39
    at Generator.next (<anonymous>)
    at C:\Users\abhia\Github-Repos\fundoo-notes-be\fundoo-notes-be\src\middlewares\auth.middleware.ts:8:71
    at new Promise (<anonymous>)
    at __awaiter (C:\Users\abhia\Github-Repos\fundoo-notes-be\fundoo-notes-be\src\middlewares\auth.middleware.ts:4:12)
    at userAuth (C:\Users\abhia\Github-Repos\fundoo-notes-be\fundoo-notes-be\src\middlewares\auth.middleware.ts:18:20)
    at Layer.handle [as handle_request] (C:\Users\abhia\Github-Repos\fundoo-notes-be\fundoo-notes-be\node_modules\express\lib\router\layer.js:95:5)
    at next (C:\Users\abhia\Github-Repos\fundoo-notes-be\fundoo-notes-be\node_modules\express\lib\router\route.js:149:13)
    at Route.dispatch (C:\Users\abhia\Github-Repos\fundoo-notes-be\fundoo-notes-be\node_modules\express\lib\router\route.js:119:3)
    at Layer.handle [as handle_request] (C:\Users\abhia\Github-Repos\fundoo-notes-be\fundoo-notes-be\node_modules\express\lib\router\layer.js:95:5)
    at C:\Users\abhia\Github-Repos\fundoo-notes-be\fundoo-notes-be\node_modules\express\lib\router\index.js:284:15
    at Function.process_params (C:\Users\abhia\Github-Repos\fundoo-notes-be\fundoo-notes-be\node_modules\express\lib\router\index.js:346:12)
    at next (C:\Users\abhia\Github-Repos\fundoo-notes-be\fundoo-notes-be\node_modules\express\lib\router\index.js:280:10) 
    url - /api/v1/notes 
    method - GET 
    IP - ::1
   {"timestamp":"2024-12-03T11:19:20.657Z"}
error: 
    status - 500 
    message - TokenExpiredError: jwt expired
    at C:\Users\abhia\Github-Repos\fundoo-notes-be\fundoo-notes-be\node_modules\jsonwebtoken\verify.js:152:21
    at getSecret (C:\Users\abhia\Github-Repos\fundoo-notes-be\fundoo-notes-be\node_modules\jsonwebtoken\verify.js:90:14)
    at Object.module.exports [as verify] (C:\Users\abhia\Github-Repos\fundoo-notes-be\fundoo-notes-be\node_modules\jsonwebtoken\verify.js:94:10)
    at C:\Users\abhia\Github-Repos\fundoo-notes-be\fundoo-notes-be\src\middlewares\auth.middleware.ts:29:39
    at Generator.next (<anonymous>)
    at C:\Users\abhia\Github-Repos\fundoo-notes-be\fundoo-notes-be\src\middlewares\auth.middleware.ts:8:71
    at new Promise (<anonymous>)
    at __awaiter (C:\Users\abhia\Github-Repos\fundoo-notes-be\fundoo-notes-be\src\middlewares\auth.middleware.ts:4:12)
    at userAuth (C:\Users\abhia\Github-Repos\fundoo-notes-be\fundoo-notes-be\src\middlewares\auth.middleware.ts:18:20)
    at Layer.handle [as handle_request] (C:\Users\abhia\Github-Repos\fundoo-notes-be\fundoo-notes-be\node_modules\express\lib\router\layer.js:95:5)
    at next (C:\Users\abhia\Github-Repos\fundoo-notes-be\fundoo-notes-be\node_modules\express\lib\router\route.js:149:13)
    at Route.dispatch (C:\Users\abhia\Github-Repos\fundoo-notes-be\fundoo-notes-be\node_modules\express\lib\router\route.js:119:3)
    at Layer.handle [as handle_request] (C:\Users\abhia\Github-Repos\fundoo-notes-be\fundoo-notes-be\node_modules\express\lib\router\layer.js:95:5)
    at C:\Users\abhia\Github-Repos\fundoo-notes-be\fundoo-notes-be\node_modules\express\lib\router\index.js:284:15
    at Function.process_params (C:\Users\abhia\Github-Repos\fundoo-notes-be\fundoo-notes-be\node_modules\express\lib\router\index.js:346:12)
    at next (C:\Users\abhia\Github-Repos\fundoo-notes-be\fundoo-notes-be\node_modules\express\lib\router\index.js:280:10) 
    url - /api/v1/notes 
    method - GET 
    IP - ::1
   {"timestamp":"2024-12-03T11:19:20.735Z"}
