info: Server started at http://localhost:3000/api/v1/ {"timestamp":"2024-11-11T05:12:26.486Z"}
info: Connected to the database. {"timestamp":"2024-11-11T05:12:26.513Z"}
info: Server started at http://localhost:3000/api/v1/ {"timestamp":"2024-11-11T09:13:52.928Z"}
info: Connected to the database. {"timestamp":"2024-11-11T09:13:52.966Z"}
info: Server started at http://localhost:3000/api/v1/ {"timestamp":"2024-11-11T09:22:20.305Z"}
info: Connected to the database. {"timestamp":"2024-11-11T09:22:20.342Z"}
info: Server started at http://localhost:3000/api/v1/ {"timestamp":"2024-11-11T09:23:23.533Z"}
info: Connected to the database. {"timestamp":"2024-11-11T09:23:23.568Z"}
info: Server started at http://localhost:3000/api/v1/ {"timestamp":"2024-11-11T09:31:09.457Z"}
info: Connected to the database. {"timestamp":"2024-11-11T09:31:09.493Z"}
info: Connected to the database. {"timestamp":"2024-11-11T09:36:14.148Z"}
error: 
      status - 401
      message - Invalid email or password 
      url - /api/v1/users/login 
      method - POST 
      IP - ::ffff:127.0.0.1
     {"timestamp":"2024-11-11T09:36:14.200Z"}
error: 
      status - 400
      message - "firstname" is required 
      url - /api/v1/users/register 
      method - POST 
      IP - ::ffff:127.0.0.1
     {"timestamp":"2024-11-11T09:36:14.228Z"}
error: 
      status - 401
      message - Invalid email or password 
      url - /api/v1/users/login 
      method - POST 
      IP - ::ffff:127.0.0.1
     {"timestamp":"2024-11-11T09:36:14.270Z"}
info: Server started at http://localhost:3000/api/v1/ {"timestamp":"2024-11-11T09:40:28.417Z"}
info: Connected to the database. {"timestamp":"2024-11-11T09:40:28.508Z"}
error: 
      status - 401
      message - Invalid email or password 
      url - /api/v1/users/login 
      method - POST 
      IP - ::ffff:127.0.0.1
     {"timestamp":"2024-11-11T09:40:28.567Z"}
error: 
      status - 400
      message - "firstname" is required 
      url - /api/v1/users/register 
      method - POST 
      IP - ::ffff:127.0.0.1
     {"timestamp":"2024-11-11T09:40:28.591Z"}
error: 
      status - 401
      message - Invalid email or password 
      url - /api/v1/users/login 
      method - POST 
      IP - ::ffff:127.0.0.1
     {"timestamp":"2024-11-11T09:40:28.606Z"}
info: Server started at http://localhost:3000/api/v1/ {"timestamp":"2024-11-11T09:44:22.603Z"}
info: Connected to the database. {"timestamp":"2024-11-11T09:44:22.630Z"}
info: Connected to the database. {"timestamp":"2024-11-11T09:44:34.046Z"}
error: 
      status - 401
      message - Invalid email or password 
      url - /api/v1/users/login 
      method - POST 
      IP - ::ffff:127.0.0.1
     {"timestamp":"2024-11-11T09:44:34.102Z"}
error: 
      status - 400
      message - "firstname" is required 
      url - /api/v1/users/register 
      method - POST 
      IP - ::ffff:127.0.0.1
     {"timestamp":"2024-11-11T09:44:34.127Z"}
error: 
      status - 401
      message - Invalid email or password 
      url - /api/v1/users/login 
      method - POST 
      IP - ::ffff:127.0.0.1
     {"timestamp":"2024-11-11T09:44:34.142Z"}
info: Connected to the database. {"timestamp":"2024-11-11T09:45:37.256Z"}
error: 
      status - 401
      message - Invalid email or password 
      url - /api/v1/users/login 
      method - POST 
      IP - ::ffff:127.0.0.1
     {"timestamp":"2024-11-11T09:45:37.303Z"}
error: 
      status - 400
      message - "firstname" is required 
      url - /api/v1/users/register 
      method - POST 
      IP - ::ffff:127.0.0.1
     {"timestamp":"2024-11-11T09:45:37.331Z"}
error: 
      status - 401
      message - Invalid email or password 
      url - /api/v1/users/login 
      method - POST 
      IP - ::ffff:127.0.0.1
     {"timestamp":"2024-11-11T09:45:37.348Z"}
info: Connected to the database. {"timestamp":"2024-11-11T09:46:59.770Z"}
error: 
      status - 401
      message - Invalid email or password 
      url - /api/v1/users/login 
      method - POST 
      IP - ::ffff:127.0.0.1
     {"timestamp":"2024-11-11T09:46:59.815Z"}
error: 
      status - 400
      message - "firstname" is required 
      url - /api/v1/users/register 
      method - POST 
      IP - ::ffff:127.0.0.1
     {"timestamp":"2024-11-11T09:46:59.839Z"}
error: 
      status - 401
      message - Invalid email or password 
      url - /api/v1/users/login 
      method - POST 
      IP - ::ffff:127.0.0.1
     {"timestamp":"2024-11-11T09:46:59.857Z"}
