info: Server started at http://localhost:3000/api/v1/ {"timestamp":"2024-11-13T05:34:01.504Z"}
info: Connected to Redis {"timestamp":"2024-11-13T05:34:01.538Z"}
info: Connected to the database. {"timestamp":"2024-11-13T05:34:01.548Z"}
error: 
    status - 500 
    message - ValidationError: Note validation failed: content: Path `content` is required., title: Path `title` is required.
    at model.Document.invalidate (C:\Users\abhia\Github-Repos\fundoo-notes-be\fundoo-notes-be\node_modules\mongoose\lib\document.js:2788:32)
    at C:\Users\abhia\Github-Repos\fundoo-notes-be\fundoo-notes-be\node_modules\mongoose\lib\document.js:2580:17
    at C:\Users\abhia\Github-Repos\fundoo-notes-be\fundoo-notes-be\node_modules\mongoose\lib\schematype.js:1273:9
    at processTicksAndRejections (node:internal/process/task_queues:77:11) 
    url - /api/v1/notes 
    method - POST 
    IP - ::1
   {"timestamp":"2024-11-13T05:37:38.928Z"}
info: Server started at http://localhost:3000/api/v1/ {"timestamp":"2024-11-13T05:38:15.162Z"}
info: Connected to Redis {"timestamp":"2024-11-13T05:38:15.191Z"}
info: Connected to the database. {"timestamp":"2024-11-13T05:38:15.202Z"}
info: Server started at http://localhost:3000/api/v1/ {"timestamp":"2024-11-13T09:17:41.781Z"}
info: Connected to Redis {"timestamp":"2024-11-13T09:17:41.820Z"}
info: Connected to the database. {"timestamp":"2024-11-13T09:17:41.839Z"}
info: Producer connected to RabbitMQ {"timestamp":"2024-11-13T09:17:41.868Z"}
info: RabbitMQ connected successfully {"timestamp":"2024-11-13T09:17:41.869Z"}
info: Message sent to queue: {"action":"create_note","data":{"isArchived":false,"isTrashed":false,"_id":"67346f8452ac893e7086793c","title":"rabbit note","content":"rabbit note","createdAt":"2024-11-13T09:21:08.303Z","updatedAt":"2024-11-13T09:21:08.303Z","__v":0}} {"timestamp":"2024-11-13T09:21:08.319Z"}
