info: Server started at http://localhost:3000/api/v1/ {"timestamp":"2024-12-02T10:19:16.321Z"}
info: Connected to Redis {"timestamp":"2024-12-02T10:19:16.356Z"}
info: Connected to the database. {"timestamp":"2024-12-02T10:19:16.367Z"}
info: Producer connected to RabbitMQ {"timestamp":"2024-12-02T10:19:16.386Z"}
info: RabbitMQ connected successfully {"timestamp":"2024-12-02T10:19:16.387Z"}
error: 
    status - 500 
    message - TokenExpiredError: jwt expired
    at C:\Users\abhia\Github-Repos\fundoo-notes-be\fundoo-notes-be\node_modules\jsonwebtoken\verify.js:152:21
    at getSecret (C:\Users\abhia\Github-Repos\fundoo-notes-be\fundoo-notes-be\node_modules\jsonwebtoken\verify.js:90:14)
    at Object.module.exports [as verify] (C:\Users\abhia\Github-Repos\fundoo-notes-be\fundoo-notes-be\node_modules\jsonwebtoken\verify.js:94:10)
    at C:\Users\abhia\Github-Repos\fundoo-notes-be\fundoo-notes-be\src\middlewares\auth.middleware.ts:29:39
    at Generator.next (<anonymous>)
    at C:\Users\abhia\Github-Repos\fundoo-notes-be\fundoo-notes-be\src\middlewares\auth.middleware.ts:8:71
    at new Promise (<anonymous>)
    at __awaiter (C:\Users\abhia\Github-Repos\fundoo-notes-be\fundoo-notes-be\src\middlewares\auth.middleware.ts:4:12)
    at userAuth (C:\Users\abhia\Github-Repos\fundoo-notes-be\fundoo-notes-be\src\middlewares\auth.middleware.ts:18:20)
    at Layer.handle [as handle_request] (C:\Users\abhia\Github-Repos\fundoo-notes-be\fundoo-notes-be\node_modules\express\lib\router\layer.js:95:5)
    at next (C:\Users\abhia\Github-Repos\fundoo-notes-be\fundoo-notes-be\node_modules\express\lib\router\route.js:149:13)
    at Route.dispatch (C:\Users\abhia\Github-Repos\fundoo-notes-be\fundoo-notes-be\node_modules\express\lib\router\route.js:119:3)
    at Layer.handle [as handle_request] (C:\Users\abhia\Github-Repos\fundoo-notes-be\fundoo-notes-be\node_modules\express\lib\router\layer.js:95:5)
    at C:\Users\abhia\Github-Repos\fundoo-notes-be\fundoo-notes-be\node_modules\express\lib\router\index.js:284:15
    at Function.process_params (C:\Users\abhia\Github-Repos\fundoo-notes-be\fundoo-notes-be\node_modules\express\lib\router\index.js:346:12)
    at next (C:\Users\abhia\Github-Repos\fundoo-notes-be\fundoo-notes-be\node_modules\express\lib\router\index.js:280:10) 
    url - /api/v1/notes 
    method - GET 
    IP - ::1
   {"timestamp":"2024-12-02T10:19:58.794Z"}
error: 
    status - 500 
    message - TokenExpiredError: jwt expired
    at C:\Users\abhia\Github-Repos\fundoo-notes-be\fundoo-notes-be\node_modules\jsonwebtoken\verify.js:152:21
    at getSecret (C:\Users\abhia\Github-Repos\fundoo-notes-be\fundoo-notes-be\node_modules\jsonwebtoken\verify.js:90:14)
    at Object.module.exports [as verify] (C:\Users\abhia\Github-Repos\fundoo-notes-be\fundoo-notes-be\node_modules\jsonwebtoken\verify.js:94:10)
    at C:\Users\abhia\Github-Repos\fundoo-notes-be\fundoo-notes-be\src\middlewares\auth.middleware.ts:29:39
    at Generator.next (<anonymous>)
    at C:\Users\abhia\Github-Repos\fundoo-notes-be\fundoo-notes-be\src\middlewares\auth.middleware.ts:8:71
    at new Promise (<anonymous>)
    at __awaiter (C:\Users\abhia\Github-Repos\fundoo-notes-be\fundoo-notes-be\src\middlewares\auth.middleware.ts:4:12)
    at userAuth (C:\Users\abhia\Github-Repos\fundoo-notes-be\fundoo-notes-be\src\middlewares\auth.middleware.ts:18:20)
    at Layer.handle [as handle_request] (C:\Users\abhia\Github-Repos\fundoo-notes-be\fundoo-notes-be\node_modules\express\lib\router\layer.js:95:5)
    at next (C:\Users\abhia\Github-Repos\fundoo-notes-be\fundoo-notes-be\node_modules\express\lib\router\route.js:149:13)
    at Route.dispatch (C:\Users\abhia\Github-Repos\fundoo-notes-be\fundoo-notes-be\node_modules\express\lib\router\route.js:119:3)
    at Layer.handle [as handle_request] (C:\Users\abhia\Github-Repos\fundoo-notes-be\fundoo-notes-be\node_modules\express\lib\router\layer.js:95:5)
    at C:\Users\abhia\Github-Repos\fundoo-notes-be\fundoo-notes-be\node_modules\express\lib\router\index.js:284:15
    at Function.process_params (C:\Users\abhia\Github-Repos\fundoo-notes-be\fundoo-notes-be\node_modules\express\lib\router\index.js:346:12)
    at next (C:\Users\abhia\Github-Repos\fundoo-notes-be\fundoo-notes-be\node_modules\express\lib\router\index.js:280:10) 
    url - /api/v1/notes 
    method - GET 
    IP - ::1
   {"timestamp":"2024-12-02T10:19:58.818Z"}
error: 
    status - 500 
    message - TokenExpiredError: jwt expired
    at C:\Users\abhia\Github-Repos\fundoo-notes-be\fundoo-notes-be\node_modules\jsonwebtoken\verify.js:152:21
    at getSecret (C:\Users\abhia\Github-Repos\fundoo-notes-be\fundoo-notes-be\node_modules\jsonwebtoken\verify.js:90:14)
    at Object.module.exports [as verify] (C:\Users\abhia\Github-Repos\fundoo-notes-be\fundoo-notes-be\node_modules\jsonwebtoken\verify.js:94:10)
    at C:\Users\abhia\Github-Repos\fundoo-notes-be\fundoo-notes-be\src\middlewares\auth.middleware.ts:29:39
    at Generator.next (<anonymous>)
    at C:\Users\abhia\Github-Repos\fundoo-notes-be\fundoo-notes-be\src\middlewares\auth.middleware.ts:8:71
    at new Promise (<anonymous>)
    at __awaiter (C:\Users\abhia\Github-Repos\fundoo-notes-be\fundoo-notes-be\src\middlewares\auth.middleware.ts:4:12)
    at userAuth (C:\Users\abhia\Github-Repos\fundoo-notes-be\fundoo-notes-be\src\middlewares\auth.middleware.ts:18:20)
    at Layer.handle [as handle_request] (C:\Users\abhia\Github-Repos\fundoo-notes-be\fundoo-notes-be\node_modules\express\lib\router\layer.js:95:5)
    at next (C:\Users\abhia\Github-Repos\fundoo-notes-be\fundoo-notes-be\node_modules\express\lib\router\route.js:149:13)
    at Route.dispatch (C:\Users\abhia\Github-Repos\fundoo-notes-be\fundoo-notes-be\node_modules\express\lib\router\route.js:119:3)
    at Layer.handle [as handle_request] (C:\Users\abhia\Github-Repos\fundoo-notes-be\fundoo-notes-be\node_modules\express\lib\router\layer.js:95:5)
    at C:\Users\abhia\Github-Repos\fundoo-notes-be\fundoo-notes-be\node_modules\express\lib\router\index.js:284:15
    at Function.process_params (C:\Users\abhia\Github-Repos\fundoo-notes-be\fundoo-notes-be\node_modules\express\lib\router\index.js:346:12)
    at next (C:\Users\abhia\Github-Repos\fundoo-notes-be\fundoo-notes-be\node_modules\express\lib\router\index.js:280:10) 
    url - /api/v1/notes 
    method - GET 
    IP - ::1
   {"timestamp":"2024-12-02T10:20:10.549Z"}
error: 
    status - 500 
    message - TokenExpiredError: jwt expired
    at C:\Users\abhia\Github-Repos\fundoo-notes-be\fundoo-notes-be\node_modules\jsonwebtoken\verify.js:152:21
    at getSecret (C:\Users\abhia\Github-Repos\fundoo-notes-be\fundoo-notes-be\node_modules\jsonwebtoken\verify.js:90:14)
    at Object.module.exports [as verify] (C:\Users\abhia\Github-Repos\fundoo-notes-be\fundoo-notes-be\node_modules\jsonwebtoken\verify.js:94:10)
    at C:\Users\abhia\Github-Repos\fundoo-notes-be\fundoo-notes-be\src\middlewares\auth.middleware.ts:29:39
    at Generator.next (<anonymous>)
    at C:\Users\abhia\Github-Repos\fundoo-notes-be\fundoo-notes-be\src\middlewares\auth.middleware.ts:8:71
    at new Promise (<anonymous>)
    at __awaiter (C:\Users\abhia\Github-Repos\fundoo-notes-be\fundoo-notes-be\src\middlewares\auth.middleware.ts:4:12)
    at userAuth (C:\Users\abhia\Github-Repos\fundoo-notes-be\fundoo-notes-be\src\middlewares\auth.middleware.ts:18:20)
    at Layer.handle [as handle_request] (C:\Users\abhia\Github-Repos\fundoo-notes-be\fundoo-notes-be\node_modules\express\lib\router\layer.js:95:5)
    at next (C:\Users\abhia\Github-Repos\fundoo-notes-be\fundoo-notes-be\node_modules\express\lib\router\route.js:149:13)
    at Route.dispatch (C:\Users\abhia\Github-Repos\fundoo-notes-be\fundoo-notes-be\node_modules\express\lib\router\route.js:119:3)
    at Layer.handle [as handle_request] (C:\Users\abhia\Github-Repos\fundoo-notes-be\fundoo-notes-be\node_modules\express\lib\router\layer.js:95:5)
    at C:\Users\abhia\Github-Repos\fundoo-notes-be\fundoo-notes-be\node_modules\express\lib\router\index.js:284:15
    at Function.process_params (C:\Users\abhia\Github-Repos\fundoo-notes-be\fundoo-notes-be\node_modules\express\lib\router\index.js:346:12)
    at next (C:\Users\abhia\Github-Repos\fundoo-notes-be\fundoo-notes-be\node_modules\express\lib\router\index.js:280:10) 
    url - /api/v1/notes 
    method - GET 
    IP - ::1
   {"timestamp":"2024-12-02T10:20:10.561Z"}
info: Message sent to queue: {"action":"create_note","data":{"isArchived":false,"isTrashed":false,"_id":"674d8bac8f762028a81033a5","title":"string","content":"string","createdAt":"2024-12-02T10:27:56.671Z","updatedAt":"2024-12-02T10:27:56.671Z","__v":0}} {"timestamp":"2024-12-02T10:27:56.680Z"}
info: Message sent to queue: {"action":"create_note","data":{"isArchived":false,"isTrashed":false,"_id":"674d8bcd8f762028a81033a7","title":"swagger's note","content":"swagger note 2","createdAt":"2024-12-02T10:28:29.566Z","updatedAt":"2024-12-02T10:28:29.566Z","__v":0}} {"timestamp":"2024-12-02T10:28:29.571Z"}
