info: Connected to Redis {"timestamp":"2024-11-12T09:20:05.906Z"}
info: Connected to the database. {"timestamp":"2024-11-12T09:20:05.923Z"}
error: 
      status - 401
      message - Invalid email or password 
      url - /api/v1/users/login 
      method - POST 
      IP - ::ffff:127.0.0.1
     {"timestamp":"2024-11-12T09:20:06.035Z"}
error: 
      status - 400
      message - "firstname" is required 
      url - /api/v1/users/register 
      method - POST 
      IP - ::ffff:127.0.0.1
     {"timestamp":"2024-11-12T09:20:06.064Z"}
error: 
      status - 401
      message - Invalid email or password 
      url - /api/v1/users/login 
      method - POST 
      IP - ::ffff:127.0.0.1
     {"timestamp":"2024-11-12T09:20:06.082Z"}
info: Server started at http://localhost:3000/api/v1/ {"timestamp":"2024-11-12T17:21:02.792Z"}
info: Connected to Redis {"timestamp":"2024-11-12T17:21:02.821Z"}
info: Connected to the database. {"timestamp":"2024-11-12T17:21:02.852Z"}
error: 
    status - 500 
    message - ValidationError: Note validation failed: content: Path `content` is required., title: Path `title` is required.
    at model.Document.invalidate (C:\Users\abhia\Github-Repos\fundoo-notes-be\fundoo-notes-be\node_modules\mongoose\lib\document.js:2788:32)
    at C:\Users\abhia\Github-Repos\fundoo-notes-be\fundoo-notes-be\node_modules\mongoose\lib\document.js:2580:17
    at C:\Users\abhia\Github-Repos\fundoo-notes-be\fundoo-notes-be\node_modules\mongoose\lib\schematype.js:1273:9
    at processTicksAndRejections (node:internal/process/task_queues:77:11) 
    url - /api/v1/notes 
    method - POST 
    IP - ::1
   {"timestamp":"2024-11-12T17:22:58.543Z"}
info: Server started at http://localhost:3000/api/v1/ {"timestamp":"2024-11-12T17:25:24.514Z"}
info: Connected to Redis {"timestamp":"2024-11-12T17:25:24.539Z"}
info: Connected to the database. {"timestamp":"2024-11-12T17:25:24.551Z"}
error: 
    status - 500 
    message - SyntaxError: Expected double-quoted property name in JSON at position 41
    at JSON.parse (<anonymous>)
    at parse (C:\Users\abhia\Github-Repos\fundoo-notes-be\fundoo-notes-be\node_modules\body-parser\lib\types\json.js:92:19)
    at C:\Users\abhia\Github-Repos\fundoo-notes-be\fundoo-notes-be\node_modules\body-parser\lib\read.js:128:18
    at AsyncResource.runInAsyncScope (node:async_hooks:206:9)
    at invokeCallback (C:\Users\abhia\Github-Repos\fundoo-notes-be\fundoo-notes-be\node_modules\raw-body\index.js:238:16)
    at done (C:\Users\abhia\Github-Repos\fundoo-notes-be\fundoo-notes-be\node_modules\raw-body\index.js:227:7)
    at IncomingMessage.onEnd (C:\Users\abhia\Github-Repos\fundoo-notes-be\fundoo-notes-be\node_modules\raw-body\index.js:287:7)
    at IncomingMessage.emit (node:events:519:28)
    at endReadableNT (node:internal/streams/readable:1696:12)
    at processTicksAndRejections (node:internal/process/task_queues:82:21) 
    url - /api/v1/users/login 
    method - POST 
    IP - ::1
   {"timestamp":"2024-11-12T17:25:30.554Z"}
