info: Server started at http://localhost:3000/api/v1/ {"timestamp":"2024-10-17T10:34:50.077Z"}
info: Connected to the database. {"timestamp":"2024-10-17T10:34:52.470Z"}
info: Server started at http://localhost:3000/api/v1/ {"timestamp":"2024-10-17T10:37:32.092Z"}
info: Connected to the database. {"timestamp":"2024-10-17T10:37:32.120Z"}
error: uncaughtException: Route.post() requires a callback function but got a [object Undefined]
Error: Route.post() requires a callback function but got a [object Undefined]
    at Route.<computed> [as post] (C:\Users\abhia\Github-Repos\fundoo-notes-be\fundoo-notes-be\node_modules\express\lib\router\route.js:216:15)
    at Function.proto.<computed> [as post] (C:\Users\abhia\Github-Repos\fundoo-notes-be\fundoo-notes-be\node_modules\express\lib\router\index.js:521:19)
    at UserRoutes.routes (C:\Users\abhia\Github-Repos\fundoo-notes-be\fundoo-notes-be\src\routes\user.route.ts:16:17)
    at new UserRoutes (C:\Users\abhia\Github-Repos\fundoo-notes-be\fundoo-notes-be\src\routes\user.route.ts:11:10)
    at routes (C:\Users\abhia\Github-Repos\fundoo-notes-be\fundoo-notes-be\src\routes\index.ts:15:24)
    at App.initializeRoutes (C:\Users\abhia\Github-Repos\fundoo-notes-be\fundoo-notes-be\src\index.ts:52:52)
    at new App (C:\Users\abhia\Github-Repos\fundoo-notes-be\fundoo-notes-be\src\index.ts:33:10)
    at Object.<anonymous> (C:\Users\abhia\Github-Repos\fundoo-notes-be\fundoo-notes-be\src\index.ts:74:13)
    at Module._compile (node:internal/modules/cjs/loader:1358:14)
    at Module._compile (C:\Users\abhia\Github-Repos\fundoo-notes-be\fundoo-notes-be\node_modules\source-map-support\source-map-support.js:568:25)
    at Module.m._compile (C:\Users\abhia\AppData\Local\Temp\ts-node-dev-hook-30857200973971755.js:69:33)
    at Module._extensions..js (node:internal/modules/cjs/loader:1416:10)
    at require.extensions..jsx.require.extensions..js (C:\Users\abhia\AppData\Local\Temp\ts-node-dev-hook-30857200973971755.js:114:20)
    at require.extensions.<computed> (C:\Users\abhia\AppData\Local\Temp\ts-node-dev-hook-30857200973971755.js:71:20)
    at Object.nodeDevHook [as .ts] (C:\Users\abhia\Github-Repos\fundoo-notes-be\fundoo-notes-be\node_modules\ts-node-dev\lib\hook.js:63:13)
    at Module.load (node:internal/modules/cjs/loader:1208:32) {"date":"Thu Oct 17 2024 16:18:24 GMT+0530 (India Standard Time)","error":{},"exception":true,"os":{"loadavg":[0,0,0],"uptime":258912.484},"process":{"argv":["C:\\Program Files\\nodejs\\node.exe","./src/index.ts"],"cwd":"C:\\Users\\abhia\\Github-Repos\\fundoo-notes-be\\fundoo-notes-be","execPath":"C:\\Program Files\\nodejs\\node.exe","gid":null,"memoryUsage":{"arrayBuffers":18396727,"external":20601152,"heapTotal":55754752,"heapUsed":29955592,"rss":75026432},"pid":23260,"uid":null,"version":"v20.15.1"},"stack":"Error: Route.post() requires a callback function but got a [object Undefined]\n    at Route.<computed> [as post] (C:\\Users\\abhia\\Github-Repos\\fundoo-notes-be\\fundoo-notes-be\\node_modules\\express\\lib\\router\\route.js:216:15)\n    at Function.proto.<computed> [as post] (C:\\Users\\abhia\\Github-Repos\\fundoo-notes-be\\fundoo-notes-be\\node_modules\\express\\lib\\router\\index.js:521:19)\n    at UserRoutes.routes (C:\\Users\\abhia\\Github-Repos\\fundoo-notes-be\\fundoo-notes-be\\src\\routes\\user.route.ts:16:17)\n    at new UserRoutes (C:\\Users\\abhia\\Github-Repos\\fundoo-notes-be\\fundoo-notes-be\\src\\routes\\user.route.ts:11:10)\n    at routes (C:\\Users\\abhia\\Github-Repos\\fundoo-notes-be\\fundoo-notes-be\\src\\routes\\index.ts:15:24)\n    at App.initializeRoutes (C:\\Users\\abhia\\Github-Repos\\fundoo-notes-be\\fundoo-notes-be\\src\\index.ts:52:52)\n    at new App (C:\\Users\\abhia\\Github-Repos\\fundoo-notes-be\\fundoo-notes-be\\src\\index.ts:33:10)\n    at Object.<anonymous> (C:\\Users\\abhia\\Github-Repos\\fundoo-notes-be\\fundoo-notes-be\\src\\index.ts:74:13)\n    at Module._compile (node:internal/modules/cjs/loader:1358:14)\n    at Module._compile (C:\\Users\\abhia\\Github-Repos\\fundoo-notes-be\\fundoo-notes-be\\node_modules\\source-map-support\\source-map-support.js:568:25)\n    at Module.m._compile (C:\\Users\\abhia\\AppData\\Local\\Temp\\ts-node-dev-hook-30857200973971755.js:69:33)\n    at Module._extensions..js (node:internal/modules/cjs/loader:1416:10)\n    at require.extensions..jsx.require.extensions..js (C:\\Users\\abhia\\AppData\\Local\\Temp\\ts-node-dev-hook-30857200973971755.js:114:20)\n    at require.extensions.<computed> (C:\\Users\\abhia\\AppData\\Local\\Temp\\ts-node-dev-hook-30857200973971755.js:71:20)\n    at Object.nodeDevHook [as .ts] (C:\\Users\\abhia\\Github-Repos\\fundoo-notes-be\\fundoo-notes-be\\node_modules\\ts-node-dev\\lib\\hook.js:63:13)\n    at Module.load (node:internal/modules/cjs/loader:1208:32)","timestamp":"2024-10-17T10:48:24.860Z","trace":[{"column":15,"file":"C:\\Users\\abhia\\Github-Repos\\fundoo-notes-be\\fundoo-notes-be\\node_modules\\express\\lib\\router\\route.js","function":"Route.<computed> [as post]","line":216,"method":"<computed> [as post]","native":false},{"column":19,"file":"C:\\Users\\abhia\\Github-Repos\\fundoo-notes-be\\fundoo-notes-be\\node_modules\\express\\lib\\router\\index.js","function":"Function.proto.<computed> [as post]","line":521,"method":"<computed> [as post]","native":false},{"column":17,"file":"C:\\Users\\abhia\\Github-Repos\\fundoo-notes-be\\fundoo-notes-be\\src\\routes\\user.route.ts","function":"UserRoutes.routes","line":16,"method":"routes","native":false},{"column":10,"file":"C:\\Users\\abhia\\Github-Repos\\fundoo-notes-be\\fundoo-notes-be\\src\\routes\\user.route.ts","function":"new UserRoutes","line":11,"method":null,"native":false},{"column":24,"file":"C:\\Users\\abhia\\Github-Repos\\fundoo-notes-be\\fundoo-notes-be\\src\\routes\\index.ts","function":"routes","line":15,"method":null,"native":false},{"column":52,"file":"C:\\Users\\abhia\\Github-Repos\\fundoo-notes-be\\fundoo-notes-be\\src\\index.ts","function":"App.initializeRoutes","line":52,"method":"initializeRoutes","native":false},{"column":10,"file":"C:\\Users\\abhia\\Github-Repos\\fundoo-notes-be\\fundoo-notes-be\\src\\index.ts","function":"new App","line":33,"method":null,"native":false},{"column":13,"file":"C:\\Users\\abhia\\Github-Repos\\fundoo-notes-be\\fundoo-notes-be\\src\\index.ts","function":null,"line":74,"method":null,"native":false},{"column":14,"file":"node:internal/modules/cjs/loader","function":"Module._compile","line":1358,"method":"_compile","native":false},{"column":25,"file":"C:\\Users\\abhia\\Github-Repos\\fundoo-notes-be\\fundoo-notes-be\\node_modules\\source-map-support\\source-map-support.js","function":"Module._compile","line":568,"method":"_compile","native":false},{"column":33,"file":"C:\\Users\\abhia\\AppData\\Local\\Temp\\ts-node-dev-hook-30857200973971755.js","function":"Module.m._compile","line":69,"method":"_compile","native":false},{"column":10,"file":"node:internal/modules/cjs/loader","function":"Module._extensions..js","line":1416,"method":".js","native":false},{"column":20,"file":"C:\\Users\\abhia\\AppData\\Local\\Temp\\ts-node-dev-hook-30857200973971755.js","function":"require.extensions..jsx.require.extensions..js","line":114,"method":".js","native":false},{"column":20,"file":"C:\\Users\\abhia\\AppData\\Local\\Temp\\ts-node-dev-hook-30857200973971755.js","function":"require.extensions.<computed>","line":71,"method":"<computed>","native":false},{"column":13,"file":"C:\\Users\\abhia\\Github-Repos\\fundoo-notes-be\\fundoo-notes-be\\node_modules\\ts-node-dev\\lib\\hook.js","function":"Object.nodeDevHook [as .ts]","line":63,"method":"ts]","native":false},{"column":32,"file":"node:internal/modules/cjs/loader","function":"Module.load","line":1208,"method":"load","native":false}]}
info: Server started at http://localhost:3000/api/v1/ {"timestamp":"2024-10-17T11:45:06.570Z"}
info: Connected to the database. {"timestamp":"2024-10-17T11:45:06.597Z"}
info: Server started at http://localhost:3000/api/v1/ {"timestamp":"2024-10-20T14:03:18.206Z"}
info: Connected to the database. {"timestamp":"2024-10-20T14:03:18.233Z"}
info: Server started at http://localhost:3000/api/v1/ {"timestamp":"2024-10-21T17:51:59.599Z"}
info: Connected to the database. {"timestamp":"2024-10-21T17:51:59.627Z"}
error: 
      status - 401
      message - Invalid email or password 
      url - /api/v1/users/login 
      method - POST 
      IP - ::1
     {"timestamp":"2024-10-21T17:57:20.516Z"}
error: 
      status - 400
      message - User already exists 
      url - /api/v1/users/register 
      method - POST 
      IP - ::1
     {"timestamp":"2024-10-21T17:57:33.322Z"}
error: 
      status - 401
      message - Invalid email or password 
      url - /api/v1/users/login 
      method - POST 
      IP - ::1
     {"timestamp":"2024-10-21T18:00:48.036Z"}
error: 
      status - 401
      message - Invalid email or password 
      url - /api/v1/users/login 
      method - POST 
      IP - ::1
     {"timestamp":"2024-10-21T18:00:54.018Z"}
error: 
      status - 400
      message - User already exists 
      url - /api/v1/users/register 
      method - POST 
      IP - ::1
     {"timestamp":"2024-10-21T18:01:04.107Z"}
info: Server started at http://localhost:3000/api/v1/ {"timestamp":"2024-10-21T18:16:25.721Z"}
info: Connected to the database. {"timestamp":"2024-10-21T18:16:25.753Z"}
error: 
      status - 400
      message - Authorization token is required 
      url - /api/v1/notes 
      method - POST 
      IP - ::1
     {"timestamp":"2024-10-21T18:17:18.256Z"}
info: Server started at http://localhost:3000/api/v1/ {"timestamp":"2024-10-22T05:37:25.076Z"}
info: Connected to the database. {"timestamp":"2024-10-22T05:37:25.123Z"}
error: 
    status - 500 
    message - SyntaxError: Expected double-quoted property name in JSON at position 43
    at JSON.parse (<anonymous>)
    at parse (C:\Users\abhia\Github-Repos\fundoo-notes-be\fundoo-notes-be\node_modules\body-parser\lib\types\json.js:92:19)
    at C:\Users\abhia\Github-Repos\fundoo-notes-be\fundoo-notes-be\node_modules\body-parser\lib\read.js:128:18
    at AsyncResource.runInAsyncScope (node:async_hooks:206:9)
    at invokeCallback (C:\Users\abhia\Github-Repos\fundoo-notes-be\fundoo-notes-be\node_modules\raw-body\index.js:238:16)
    at done (C:\Users\abhia\Github-Repos\fundoo-notes-be\fundoo-notes-be\node_modules\raw-body\index.js:227:7)
    at IncomingMessage.onEnd (C:\Users\abhia\Github-Repos\fundoo-notes-be\fundoo-notes-be\node_modules\raw-body\index.js:287:7)
    at IncomingMessage.emit (node:events:519:28)
    at endReadableNT (node:internal/streams/readable:1696:12)
    at processTicksAndRejections (node:internal/process/task_queues:82:21) 
    url - /api/v1/users/login 
    method - POST 
    IP - ::1
   {"timestamp":"2024-10-22T05:40:35.255Z"}
error: 
    status - 500 
    message - JsonWebTokenError: jwt must be provided
    at Object.module.exports [as verify] (C:\Users\abhia\Github-Repos\fundoo-notes-be\fundoo-notes-be\node_modules\jsonwebtoken\verify.js:53:17)
    at C:\Users\abhia\Github-Repos\fundoo-notes-be\fundoo-notes-be\src\middlewares\auth.middleware.ts:28:37
    at Generator.next (<anonymous>)
    at C:\Users\abhia\Github-Repos\fundoo-notes-be\fundoo-notes-be\src\middlewares\auth.middleware.ts:8:71
    at new Promise (<anonymous>)
    at __awaiter (C:\Users\abhia\Github-Repos\fundoo-notes-be\fundoo-notes-be\src\middlewares\auth.middleware.ts:4:12)
    at userAuth (C:\Users\abhia\Github-Repos\fundoo-notes-be\fundoo-notes-be\src\middlewares\auth.middleware.ts:18:20)
    at Layer.handle [as handle_request] (C:\Users\abhia\Github-Repos\fundoo-notes-be\fundoo-notes-be\node_modules\express\lib\router\layer.js:95:5)
    at next (C:\Users\abhia\Github-Repos\fundoo-notes-be\fundoo-notes-be\node_modules\express\lib\router\route.js:149:13)
    at Route.dispatch (C:\Users\abhia\Github-Repos\fundoo-notes-be\fundoo-notes-be\node_modules\express\lib\router\route.js:119:3)
    at Layer.handle [as handle_request] (C:\Users\abhia\Github-Repos\fundoo-notes-be\fundoo-notes-be\node_modules\express\lib\router\layer.js:95:5)
    at C:\Users\abhia\Github-Repos\fundoo-notes-be\fundoo-notes-be\node_modules\express\lib\router\index.js:284:15
    at Function.process_params (C:\Users\abhia\Github-Repos\fundoo-notes-be\fundoo-notes-be\node_modules\express\lib\router\index.js:346:12)
    at next (C:\Users\abhia\Github-Repos\fundoo-notes-be\fundoo-notes-be\node_modules\express\lib\router\index.js:280:10)
    at Function.handle (C:\Users\abhia\Github-Repos\fundoo-notes-be\fundoo-notes-be\node_modules\express\lib\router\index.js:175:3)
    at router (C:\Users\abhia\Github-Repos\fundoo-notes-be\fundoo-notes-be\node_modules\express\lib\router\index.js:47:12) 
    url - /api/v1/notes 
    method - POST 
    IP - ::1
   {"timestamp":"2024-10-22T05:44:47.020Z"}
error: 
    status - 500 
    message - JsonWebTokenError: jwt must be provided
    at Object.module.exports [as verify] (C:\Users\abhia\Github-Repos\fundoo-notes-be\fundoo-notes-be\node_modules\jsonwebtoken\verify.js:53:17)
    at C:\Users\abhia\Github-Repos\fundoo-notes-be\fundoo-notes-be\src\middlewares\auth.middleware.ts:28:37
    at Generator.next (<anonymous>)
    at C:\Users\abhia\Github-Repos\fundoo-notes-be\fundoo-notes-be\src\middlewares\auth.middleware.ts:8:71
    at new Promise (<anonymous>)
    at __awaiter (C:\Users\abhia\Github-Repos\fundoo-notes-be\fundoo-notes-be\src\middlewares\auth.middleware.ts:4:12)
    at userAuth (C:\Users\abhia\Github-Repos\fundoo-notes-be\fundoo-notes-be\src\middlewares\auth.middleware.ts:18:20)
    at Layer.handle [as handle_request] (C:\Users\abhia\Github-Repos\fundoo-notes-be\fundoo-notes-be\node_modules\express\lib\router\layer.js:95:5)
    at next (C:\Users\abhia\Github-Repos\fundoo-notes-be\fundoo-notes-be\node_modules\express\lib\router\route.js:149:13)
    at Route.dispatch (C:\Users\abhia\Github-Repos\fundoo-notes-be\fundoo-notes-be\node_modules\express\lib\router\route.js:119:3)
    at Layer.handle [as handle_request] (C:\Users\abhia\Github-Repos\fundoo-notes-be\fundoo-notes-be\node_modules\express\lib\router\layer.js:95:5)
    at C:\Users\abhia\Github-Repos\fundoo-notes-be\fundoo-notes-be\node_modules\express\lib\router\index.js:284:15
    at Function.process_params (C:\Users\abhia\Github-Repos\fundoo-notes-be\fundoo-notes-be\node_modules\express\lib\router\index.js:346:12)
    at next (C:\Users\abhia\Github-Repos\fundoo-notes-be\fundoo-notes-be\node_modules\express\lib\router\index.js:280:10)
    at Function.handle (C:\Users\abhia\Github-Repos\fundoo-notes-be\fundoo-notes-be\node_modules\express\lib\router\index.js:175:3)
    at router (C:\Users\abhia\Github-Repos\fundoo-notes-be\fundoo-notes-be\node_modules\express\lib\router\index.js:47:12) 
    url - /api/v1/notes 
    method - POST 
    IP - ::1
   {"timestamp":"2024-10-22T05:45:59.566Z"}
error: 
    status - 500 
    message - ValidationError: Note validation failed: userId: Cast to ObjectId failed for value "1" (type string) at path "userId"
    at model.Document.invalidate (C:\Users\abhia\Github-Repos\fundoo-notes-be\fundoo-notes-be\node_modules\mongoose\lib\document.js:2788:32)
    at model.$set (C:\Users\abhia\Github-Repos\fundoo-notes-be\fundoo-notes-be\node_modules\mongoose\lib\document.js:1355:12)
    at model.$set (C:\Users\abhia\Github-Repos\fundoo-notes-be\fundoo-notes-be\node_modules\mongoose\lib\document.js:1062:16)
    at model.Document (C:\Users\abhia\Github-Repos\fundoo-notes-be\fundoo-notes-be\node_modules\mongoose\lib\document.js:148:12)
    at model.Model (C:\Users\abhia\Github-Repos\fundoo-notes-be\fundoo-notes-be\node_modules\mongoose\lib\model.js:106:12)
    at new model (C:\Users\abhia\Github-Repos\fundoo-notes-be\fundoo-notes-be\node_modules\mongoose\lib\model.js:4919:15)
    at C:\Users\abhia\Github-Repos\fundoo-notes-be\fundoo-notes-be\node_modules\mongoose\lib\model.js:3165:22
    at C:\Users\abhia\Github-Repos\fundoo-notes-be\fundoo-notes-be\node_modules\mongoose\lib\model.js:3201:7
    at Array.forEach (<anonymous>)
    at C:\Users\abhia\Github-Repos\fundoo-notes-be\fundoo-notes-be\node_modules\mongoose\lib\model.js:3200:15
    at C:\Users\abhia\Github-Repos\fundoo-notes-be\fundoo-notes-be\node_modules\mongoose\lib\helpers\promiseOrCallback.js:32:5
    at new Promise (<anonymous>)
    at promiseOrCallback (C:\Users\abhia\Github-Repos\fundoo-notes-be\fundoo-notes-be\node_modules\mongoose\lib\helpers\promiseOrCallback.js:31:10)
    at Mongoose._promiseOrCallback (C:\Users\abhia\Github-Repos\fundoo-notes-be\fundoo-notes-be\node_modules\mongoose\lib\index.js:1149:10)
    at Function.create (C:\Users\abhia\Github-Repos\fundoo-notes-be\fundoo-notes-be\node_modules\mongoose\lib\model.js:3135:23)
    at NoteService.<anonymous> (C:\Users\abhia\Github-Repos\fundoo-notes-be\fundoo-notes-be\src\services\note.service.ts:12:23) 
    url - /api/v1/notes 
    method - POST 
    IP - ::1
   {"timestamp":"2024-10-22T05:46:09.509Z"}
info: Server started at http://localhost:3000/api/v1/ {"timestamp":"2024-11-05T10:04:13.117Z"}
info: Connected to the database. {"timestamp":"2024-11-05T10:04:13.148Z"}
error: 
      status - 400
      message - "firstname" is required 
      url - /api/v1/users/register 
      method - POST 
      IP - ::1
     {"timestamp":"2024-11-05T10:06:05.681Z"}
error: 
      status - 401
      message - Invalid email or password 
      url - /api/v1/users/login 
      method - POST 
      IP - ::1
     {"timestamp":"2024-11-05T10:08:57.770Z"}
info: Server started at http://localhost:3000/api/v1/ {"timestamp":"2024-11-05T17:27:18.514Z"}
info: Connected to the database. {"timestamp":"2024-11-05T17:27:18.551Z"}
error: 
      status - 401
      message - Invalid email or password 
      url - /api/v1/users/login 
      method - POST 
      IP - ::1
     {"timestamp":"2024-11-05T17:30:58.996Z"}
error: 
      status - 401
      message - Invalid email or password 
      url - /api/v1/users/login 
      method - POST 
      IP - ::1
     {"timestamp":"2024-11-05T17:31:13.389Z"}
error: 
      status - 401
      message - Invalid email or password 
      url - /api/v1/users/login 
      method - POST 
      IP - ::1
     {"timestamp":"2024-11-05T17:31:24.549Z"}
info: Server started at http://localhost:3000/api/v1/ {"timestamp":"2024-11-07T05:43:17.146Z"}
info: Connected to the database. {"timestamp":"2024-11-07T05:43:17.191Z"}
info: Server started at http://localhost:3000/api/v1/ {"timestamp":"2024-11-07T05:50:26.424Z"}
info: Connected to the database. {"timestamp":"2024-11-07T05:50:26.457Z"}
info: Server started at http://localhost:3000/api/v1/ {"timestamp":"2024-11-07T05:50:37.449Z"}
info: Connected to the database. {"timestamp":"2024-11-07T05:50:37.482Z"}
error: 
    status - 500 
    message - ValidationError: Note validation failed: userId: Path `userId` is required.
    at model.Document.invalidate (C:\Users\abhia\Github-Repos\fundoo-notes-be\fundoo-notes-be\node_modules\mongoose\lib\document.js:2788:32)
    at C:\Users\abhia\Github-Repos\fundoo-notes-be\fundoo-notes-be\node_modules\mongoose\lib\document.js:2580:17
    at C:\Users\abhia\Github-Repos\fundoo-notes-be\fundoo-notes-be\node_modules\mongoose\lib\schematype.js:1273:9
    at processTicksAndRejections (node:internal/process/task_queues:77:11) 
    url - /api/v1/notes 
    method - POST 
    IP - ::1
   {"timestamp":"2024-11-07T05:53:56.259Z"}
error: 
    status - 500 
    message - ValidationError: Note validation failed: userId: Path `userId` is required.
    at model.Document.invalidate (C:\Users\abhia\Github-Repos\fundoo-notes-be\fundoo-notes-be\node_modules\mongoose\lib\document.js:2788:32)
    at C:\Users\abhia\Github-Repos\fundoo-notes-be\fundoo-notes-be\node_modules\mongoose\lib\document.js:2580:17
    at C:\Users\abhia\Github-Repos\fundoo-notes-be\fundoo-notes-be\node_modules\mongoose\lib\schematype.js:1273:9
    at processTicksAndRejections (node:internal/process/task_queues:77:11) 
    url - /api/v1/notes 
    method - POST 
    IP - ::1
   {"timestamp":"2024-11-07T05:53:57.940Z"}
info: Server started at http://localhost:3000/api/v1/ {"timestamp":"2024-11-07T05:56:04.572Z"}
info: Connected to the database. {"timestamp":"2024-11-07T05:56:04.602Z"}
info: Server started at http://localhost:3000/api/v1/ {"timestamp":"2024-11-10T09:11:05.386Z"}
info: Connected to the database. {"timestamp":"2024-11-10T09:11:05.421Z"}
info: Server started at http://localhost:3000/api/v1/ {"timestamp":"2024-11-10T09:20:30.330Z"}
info: Connected to the database. {"timestamp":"2024-11-10T09:20:30.369Z"}
info: Server started at http://localhost:3000/api/v1/ {"timestamp":"2024-11-10T09:21:02.505Z"}
info: Connected to the database. {"timestamp":"2024-11-10T09:21:02.551Z"}
info: Server started at http://localhost:3000/api/v1/ {"timestamp":"2024-11-10T09:23:40.817Z"}
info: Connected to the database. {"timestamp":"2024-11-10T09:23:40.854Z"}
info: Server started at http://localhost:3000/api/v1/ {"timestamp":"2024-11-10T09:35:02.392Z"}
info: Connected to the database. {"timestamp":"2024-11-10T09:35:02.424Z"}
error: 
      status - 401
      message - Invalid email or password 
      url - /api/v1/users/login 
      method - POST 
      IP - ::1
     {"timestamp":"2024-11-10T09:35:54.115Z"}
info: Server started at http://localhost:3000/api/v1/ {"timestamp":"2024-11-10T10:01:29.254Z"}
info: Connected to the database. {"timestamp":"2024-11-10T10:01:29.290Z"}
error: 
      status - 400
      message - "firstname" is required 
      url - /api/v1/users/register 
      method - POST 
      IP - ::1
     {"timestamp":"2024-11-10T10:16:29.270Z"}
error: 
      status - 400
      message - "firstname" is required 
      url - /api/v1/users/register 
      method - POST 
      IP - ::1
     {"timestamp":"2024-11-10T10:17:06.974Z"}
error: 
      status - 400
      message - "firstname" is required 
      url - /api/v1/users/register 
      method - POST 
      IP - ::1
     {"timestamp":"2024-11-10T10:18:11.107Z"}
info: Server started at http://localhost:3000/api/v1/ {"timestamp":"2024-11-10T11:33:33.512Z"}
info: Connected to the database. {"timestamp":"2024-11-10T11:33:33.537Z"}
info: Server started at http://localhost:3000/api/v1/ {"timestamp":"2024-11-10T11:39:10.424Z"}
info: Connected to the database. {"timestamp":"2024-11-10T11:39:10.451Z"}
error: 
    status - 500 
    message - Error: Failed to send email
    at MailerService.<anonymous> (C:\Users\abhia\Github-Repos\fundoo-notes-be\fundoo-notes-be\src\services\mailer.service.ts:31:13)
    at Generator.throw (<anonymous>)
    at rejected (C:\Users\abhia\Github-Repos\fundoo-notes-be\fundoo-notes-be\src\services\mailer.service.ts:6:65)
    at processTicksAndRejections (node:internal/process/task_queues:95:5) 
    url - /api/v1/users/forgot-password 
    method - POST 
    IP - ::1
   {"timestamp":"2024-11-10T11:42:48.007Z"}
error: 
    status - 500 
    message - Error: Failed to send email
    at MailerService.<anonymous> (C:\Users\abhia\Github-Repos\fundoo-notes-be\fundoo-notes-be\src\services\mailer.service.ts:31:13)
    at Generator.throw (<anonymous>)
    at rejected (C:\Users\abhia\Github-Repos\fundoo-notes-be\fundoo-notes-be\src\services\mailer.service.ts:6:65)
    at processTicksAndRejections (node:internal/process/task_queues:95:5) 
    url - /api/v1/users/forgot-password 
    method - POST 
    IP - ::1
   {"timestamp":"2024-11-10T11:54:25.800Z"}
error: 
    status - 500 
    message - Error: Failed to send email
    at MailerService.<anonymous> (C:\Users\abhia\Github-Repos\fundoo-notes-be\fundoo-notes-be\src\services\mailer.service.ts:31:13)
    at Generator.throw (<anonymous>)
    at rejected (C:\Users\abhia\Github-Repos\fundoo-notes-be\fundoo-notes-be\src\services\mailer.service.ts:6:65)
    at processTicksAndRejections (node:internal/process/task_queues:95:5) 
    url - /api/v1/users/forgot-password 
    method - POST 
    IP - ::1
   {"timestamp":"2024-11-10T11:54:40.063Z"}
error: 
    status - 500 
    message - Error: Failed to send email
    at MailerService.<anonymous> (C:\Users\abhia\Github-Repos\fundoo-notes-be\fundoo-notes-be\src\services\mailer.service.ts:31:13)
    at Generator.throw (<anonymous>)
    at rejected (C:\Users\abhia\Github-Repos\fundoo-notes-be\fundoo-notes-be\src\services\mailer.service.ts:6:65)
    at processTicksAndRejections (node:internal/process/task_queues:95:5) 
    url - /api/v1/users/forgot-password 
    method - POST 
    IP - ::1
   {"timestamp":"2024-11-10T11:55:16.800Z"}
info: Server started at http://localhost:3000/api/v1/ {"timestamp":"2024-11-10T12:07:34.683Z"}
info: Connected to the database. {"timestamp":"2024-11-10T12:07:34.712Z"}
info: Server started at http://localhost:3000/api/v1/ {"timestamp":"2024-11-10T12:15:56.631Z"}
info: Connected to the database. {"timestamp":"2024-11-10T12:15:56.658Z"}
info: Server started at http://localhost:3000/api/v1/ {"timestamp":"2024-11-10T12:30:21.815Z"}
info: Connected to the database. {"timestamp":"2024-11-10T12:30:21.851Z"}
info: Server started at http://localhost:3000/api/v1/ {"timestamp":"2024-11-10T12:33:21.589Z"}
info: Connected to the database. {"timestamp":"2024-11-10T12:33:21.626Z"}
info: Server started at http://localhost:3000/api/v1/ {"timestamp":"2024-11-10T12:50:19.455Z"}
info: Connected to the database. {"timestamp":"2024-11-10T12:50:19.481Z"}
error: 
    status - 500 
    message - JsonWebTokenError: jwt must be provided
    at Object.module.exports [as verify] (C:\Users\abhia\Github-Repos\fundoo-notes-be\fundoo-notes-be\node_modules\jsonwebtoken\verify.js:53:17)
    at UserController.<anonymous> (C:\Users\abhia\Github-Repos\fundoo-notes-be\fundoo-notes-be\src\controllers\user.controller.ts:99:32)
    at Generator.next (<anonymous>)
    at C:\Users\abhia\Github-Repos\fundoo-notes-be\fundoo-notes-be\src\controllers\user.controller.ts:8:71
    at new Promise (<anonymous>)
    at __awaiter (C:\Users\abhia\Github-Repos\fundoo-notes-be\fundoo-notes-be\src\controllers\user.controller.ts:4:12)
    at UserController.resetPassword (C:\Users\abhia\Github-Repos\fundoo-notes-be\fundoo-notes-be\src\controllers\user.controller.ts:94:99)
    at Layer.handle [as handle_request] (C:\Users\abhia\Github-Repos\fundoo-notes-be\fundoo-notes-be\node_modules\express\lib\router\layer.js:95:5)
    at next (C:\Users\abhia\Github-Repos\fundoo-notes-be\fundoo-notes-be\node_modules\express\lib\router\route.js:149:13)
    at Route.dispatch (C:\Users\abhia\Github-Repos\fundoo-notes-be\fundoo-notes-be\node_modules\express\lib\router\route.js:119:3)
    at Layer.handle [as handle_request] (C:\Users\abhia\Github-Repos\fundoo-notes-be\fundoo-notes-be\node_modules\express\lib\router\layer.js:95:5)
    at C:\Users\abhia\Github-Repos\fundoo-notes-be\fundoo-notes-be\node_modules\express\lib\router\index.js:284:15
    at param (C:\Users\abhia\Github-Repos\fundoo-notes-be\fundoo-notes-be\node_modules\express\lib\router\index.js:365:14)
    at param (C:\Users\abhia\Github-Repos\fundoo-notes-be\fundoo-notes-be\node_modules\express\lib\router\index.js:376:14)
    at Function.process_params (C:\Users\abhia\Github-Repos\fundoo-notes-be\fundoo-notes-be\node_modules\express\lib\router\index.js:421:3)
    at next (C:\Users\abhia\Github-Repos\fundoo-notes-be\fundoo-notes-be\node_modules\express\lib\router\index.js:280:10) 
    url - /api/v1/users/reset-password/eyJhbGciOiJIUzI1NiIsInR5cCI6IkpXVCJ9.eyJfaWQiOiI2NzJjNTU5ZWM0NDEyNzY4YTQ2MzI1Y2EiLCJpYXQiOjE3MzEyNDM3MjAsImV4cCI6MTczMTI0NzMyMH0._jKOG6iE2aPLCpkGgpBWFKormnzgvEOAe1ElgO_dq-M 
    method - POST 
    IP - ::1
   {"timestamp":"2024-11-10T13:03:25.627Z"}
error: 
    status - 500 
    message - JsonWebTokenError: jwt must be provided
    at Object.module.exports [as verify] (C:\Users\abhia\Github-Repos\fundoo-notes-be\fundoo-notes-be\node_modules\jsonwebtoken\verify.js:53:17)
    at UserController.<anonymous> (C:\Users\abhia\Github-Repos\fundoo-notes-be\fundoo-notes-be\src\controllers\user.controller.ts:99:32)
    at Generator.next (<anonymous>)
    at C:\Users\abhia\Github-Repos\fundoo-notes-be\fundoo-notes-be\src\controllers\user.controller.ts:8:71
    at new Promise (<anonymous>)
    at __awaiter (C:\Users\abhia\Github-Repos\fundoo-notes-be\fundoo-notes-be\src\controllers\user.controller.ts:4:12)
    at UserController.resetPassword (C:\Users\abhia\Github-Repos\fundoo-notes-be\fundoo-notes-be\src\controllers\user.controller.ts:94:99)
    at Layer.handle [as handle_request] (C:\Users\abhia\Github-Repos\fundoo-notes-be\fundoo-notes-be\node_modules\express\lib\router\layer.js:95:5)
    at next (C:\Users\abhia\Github-Repos\fundoo-notes-be\fundoo-notes-be\node_modules\express\lib\router\route.js:149:13)
    at Route.dispatch (C:\Users\abhia\Github-Repos\fundoo-notes-be\fundoo-notes-be\node_modules\express\lib\router\route.js:119:3)
    at Layer.handle [as handle_request] (C:\Users\abhia\Github-Repos\fundoo-notes-be\fundoo-notes-be\node_modules\express\lib\router\layer.js:95:5)
    at C:\Users\abhia\Github-Repos\fundoo-notes-be\fundoo-notes-be\node_modules\express\lib\router\index.js:284:15
    at param (C:\Users\abhia\Github-Repos\fundoo-notes-be\fundoo-notes-be\node_modules\express\lib\router\index.js:365:14)
    at param (C:\Users\abhia\Github-Repos\fundoo-notes-be\fundoo-notes-be\node_modules\express\lib\router\index.js:376:14)
    at Function.process_params (C:\Users\abhia\Github-Repos\fundoo-notes-be\fundoo-notes-be\node_modules\express\lib\router\index.js:421:3)
    at next (C:\Users\abhia\Github-Repos\fundoo-notes-be\fundoo-notes-be\node_modules\express\lib\router\index.js:280:10) 
    url - /api/v1/users/reset-password/eyJhbGciOiJIUzI1NiIsInR5cCI6IkpXVCJ9.eyJfaWQiOiI2NzJjNTU5ZWM0NDEyNzY4YTQ2MzI1Y2EiLCJpYXQiOjE3MzEyNDM3MjAsImV4cCI6MTczMTI0NzMyMH0._jKOG6iE2aPLCpkGgpBWFKormnzgvEOAe1ElgO_dq-M 
    method - POST 
    IP - ::1
   {"timestamp":"2024-11-10T13:05:03.742Z"}
error: 
    status - 500 
    message - SyntaxError: Bad control character in string literal in JSON at position 190
    at JSON.parse (<anonymous>)
    at parse (C:\Users\abhia\Github-Repos\fundoo-notes-be\fundoo-notes-be\node_modules\body-parser\lib\types\json.js:92:19)
    at C:\Users\abhia\Github-Repos\fundoo-notes-be\fundoo-notes-be\node_modules\body-parser\lib\read.js:128:18
    at AsyncResource.runInAsyncScope (node:async_hooks:206:9)
    at invokeCallback (C:\Users\abhia\Github-Repos\fundoo-notes-be\fundoo-notes-be\node_modules\raw-body\index.js:238:16)
    at done (C:\Users\abhia\Github-Repos\fundoo-notes-be\fundoo-notes-be\node_modules\raw-body\index.js:227:7)
    at IncomingMessage.onEnd (C:\Users\abhia\Github-Repos\fundoo-notes-be\fundoo-notes-be\node_modules\raw-body\index.js:287:7)
    at IncomingMessage.emit (node:events:519:28)
    at endReadableNT (node:internal/streams/readable:1696:12)
    at processTicksAndRejections (node:internal/process/task_queues:82:21) 
    url - /api/v1/users/reset-password/eyJhbGciOiJIUzI1NiIsInR5cCI6IkpXVCJ9.eyJfaWQiOiI2NzJjNTU5ZWM0NDEyNzY4YTQ2MzI1Y2EiLCJpYXQiOjE3MzEyNDM3MjAsImV4cCI6MTczMTI0NzMyMH0._jKOG6iE2aPLCpkGgpBWFKormnzgvEOAe1ElgO_dq-M 
    method - POST 
    IP - ::1
   {"timestamp":"2024-11-10T13:05:37.701Z"}
info: Server started at http://localhost:3000/api/v1/ {"timestamp":"2024-11-10T13:08:19.266Z"}
info: Connected to the database. {"timestamp":"2024-11-10T13:08:19.299Z"}
info: Server started at http://localhost:3000/api/v1/ {"timestamp":"2024-11-10T13:13:22.903Z"}
info: Connected to the database. {"timestamp":"2024-11-10T13:13:22.927Z"}
info: Server started at http://localhost:3000/api/v1/ {"timestamp":"2024-11-10T13:14:40.263Z"}
info: Connected to the database. {"timestamp":"2024-11-10T13:14:40.295Z"}
error: 
    status - 500 
    message - JsonWebTokenError: jwt must be provided
    at Object.module.exports [as verify] (C:\Users\abhia\Github-Repos\fundoo-notes-be\fundoo-notes-be\node_modules\jsonwebtoken\verify.js:53:17)
    at UserController.<anonymous> (C:\Users\abhia\Github-Repos\fundoo-notes-be\fundoo-notes-be\src\controllers\user.controller.ts:99:32)
    at Generator.next (<anonymous>)
    at C:\Users\abhia\Github-Repos\fundoo-notes-be\fundoo-notes-be\src\controllers\user.controller.ts:8:71
    at new Promise (<anonymous>)
    at __awaiter (C:\Users\abhia\Github-Repos\fundoo-notes-be\fundoo-notes-be\src\controllers\user.controller.ts:4:12)
    at UserController.resetPassword (C:\Users\abhia\Github-Repos\fundoo-notes-be\fundoo-notes-be\src\controllers\user.controller.ts:94:99)
    at Layer.handle [as handle_request] (C:\Users\abhia\Github-Repos\fundoo-notes-be\fundoo-notes-be\node_modules\express\lib\router\layer.js:95:5)
    at next (C:\Users\abhia\Github-Repos\fundoo-notes-be\fundoo-notes-be\node_modules\express\lib\router\route.js:149:13)
    at Route.dispatch (C:\Users\abhia\Github-Repos\fundoo-notes-be\fundoo-notes-be\node_modules\express\lib\router\route.js:119:3)
    at Layer.handle [as handle_request] (C:\Users\abhia\Github-Repos\fundoo-notes-be\fundoo-notes-be\node_modules\express\lib\router\layer.js:95:5)
    at C:\Users\abhia\Github-Repos\fundoo-notes-be\fundoo-notes-be\node_modules\express\lib\router\index.js:284:15
    at param (C:\Users\abhia\Github-Repos\fundoo-notes-be\fundoo-notes-be\node_modules\express\lib\router\index.js:365:14)
    at param (C:\Users\abhia\Github-Repos\fundoo-notes-be\fundoo-notes-be\node_modules\express\lib\router\index.js:376:14)
    at Function.process_params (C:\Users\abhia\Github-Repos\fundoo-notes-be\fundoo-notes-be\node_modules\express\lib\router\index.js:421:3)
    at next (C:\Users\abhia\Github-Repos\fundoo-notes-be\fundoo-notes-be\node_modules\express\lib\router\index.js:280:10) 
    url - /api/v1/users/reset-password/eyJhbGciOiJIUzI1NiIsInR5cCI6IkpXVCJ9.eyJfaWQiOiI2NzMwNzk4M2MzMWZlZjYxMmM5ZGI3NjciLCJpYXQiOjE3MzEyNDQ0OTYsImV4cCI6MTczMTI0ODA5Nn0.zGEklvn-dzAInok-Bb5z1bsEr2PZebL9phloSw5oly0 
    method - POST 
    IP - ::1
   {"timestamp":"2024-11-10T13:16:57.622Z"}
info: Server started at http://localhost:3000/api/v1/ {"timestamp":"2024-11-10T13:17:46.066Z"}
info: Connected to the database. {"timestamp":"2024-11-10T13:17:46.097Z"}
error: 
      status - 401
      message - Invalid email or password 
      url - /api/v1/users/login 
      method - POST 
      IP - ::1
     {"timestamp":"2024-11-10T13:18:20.381Z"}
error: 
      status - 400
      message - "firstname" is required 
      url - /api/v1/users/register 
      method - POST 
      IP - ::1
     {"timestamp":"2024-11-10T13:18:53.071Z"}
info: Server started at http://localhost:3000/api/v1/ {"timestamp":"2024-11-11T05:12:26.486Z"}
info: Connected to the database. {"timestamp":"2024-11-11T05:12:26.513Z"}
info: Server started at http://localhost:3000/api/v1/ {"timestamp":"2024-11-11T09:13:52.928Z"}
info: Connected to the database. {"timestamp":"2024-11-11T09:13:52.966Z"}
info: Server started at http://localhost:3000/api/v1/ {"timestamp":"2024-11-11T09:22:20.305Z"}
info: Connected to the database. {"timestamp":"2024-11-11T09:22:20.342Z"}
info: Server started at http://localhost:3000/api/v1/ {"timestamp":"2024-11-11T09:23:23.533Z"}
info: Connected to the database. {"timestamp":"2024-11-11T09:23:23.568Z"}
info: Server started at http://localhost:3000/api/v1/ {"timestamp":"2024-11-11T09:31:09.457Z"}
info: Connected to the database. {"timestamp":"2024-11-11T09:31:09.493Z"}
info: Connected to the database. {"timestamp":"2024-11-11T09:36:14.148Z"}
error: 
      status - 401
      message - Invalid email or password 
      url - /api/v1/users/login 
      method - POST 
      IP - ::ffff:127.0.0.1
     {"timestamp":"2024-11-11T09:36:14.200Z"}
error: 
      status - 400
      message - "firstname" is required 
      url - /api/v1/users/register 
      method - POST 
      IP - ::ffff:127.0.0.1
     {"timestamp":"2024-11-11T09:36:14.228Z"}
error: uncaughtException: expected '"firstname" is required' to equal 'User registered successfully'
AssertionError: expected '"firstname" is required' to equal 'User registered successfully'
    at Test.<anonymous> (C:\Users\abhia\Github-Repos\fundoo-notes-be\fundoo-notes-be\test\user.test.ts:23:37)
    at Test.assert (C:\Users\abhia\Github-Repos\fundoo-notes-be\fundoo-notes-be\node_modules\supertest\lib\test.js:181:6)
    at Server.localAssert (C:\Users\abhia\Github-Repos\fundoo-notes-be\fundoo-notes-be\node_modules\supertest\lib\test.js:131:12)
    at Object.onceWrapper (node:events:633:28)
    at Server.emit (node:events:519:28)
    at Server.emit (node:domain:488:12)
    at emitCloseNT (node:net:2321:8)
    at processTicksAndRejections (node:internal/process/task_queues:81:21) {"date":"Mon Nov 11 2024 15:06:14 GMT+0530 (India Standard Time)","error":{"actual":"\"firstname\" is required","expected":"User registered successfully","message":"expected '\"firstname\" is required' to equal 'User registered successfully'","name":"AssertionError","operator":"strictEqual","showDiff":true,"stack":"AssertionError: expected '\"firstname\" is required' to equal 'User registered successfully'\n    at Test.<anonymous> (C:\\Users\\abhia\\Github-Repos\\fundoo-notes-be\\fundoo-notes-be\\test\\user.test.ts:23:37)\n    at Test.assert (C:\\Users\\abhia\\Github-Repos\\fundoo-notes-be\\fundoo-notes-be\\node_modules\\supertest\\lib\\test.js:181:6)\n    at Server.localAssert (C:\\Users\\abhia\\Github-Repos\\fundoo-notes-be\\fundoo-notes-be\\node_modules\\supertest\\lib\\test.js:131:12)\n    at Object.onceWrapper (node:events:633:28)\n    at Server.emit (node:events:519:28)\n    at Server.emit (node:domain:488:12)\n    at emitCloseNT (node:net:2321:8)\n    at processTicksAndRejections (node:internal/process/task_queues:81:21)"},"exception":true,"os":{"loadavg":[0,0,0],"uptime":74948},"process":{"argv":["C:\\Program Files\\nodejs\\node.exe","C:\\Users\\abhia\\Github-Repos\\fundoo-notes-be\\fundoo-notes-be\\node_modules\\mocha\\bin\\mocha","-r","ts-node/register","test/**/*.ts"],"cwd":"C:\\Users\\abhia\\Github-Repos\\fundoo-notes-be\\fundoo-notes-be","execPath":"C:\\Program Files\\nodejs\\node.exe","gid":null,"memoryUsage":{"arrayBuffers":22905396,"external":25901025,"heapTotal":266702848,"heapUsed":232211208,"rss":316981248},"pid":13552,"uid":null,"version":"v20.15.1"},"stack":"AssertionError: expected '\"firstname\" is required' to equal 'User registered successfully'\n    at Test.<anonymous> (C:\\Users\\abhia\\Github-Repos\\fundoo-notes-be\\fundoo-notes-be\\test\\user.test.ts:23:37)\n    at Test.assert (C:\\Users\\abhia\\Github-Repos\\fundoo-notes-be\\fundoo-notes-be\\node_modules\\supertest\\lib\\test.js:181:6)\n    at Server.localAssert (C:\\Users\\abhia\\Github-Repos\\fundoo-notes-be\\fundoo-notes-be\\node_modules\\supertest\\lib\\test.js:131:12)\n    at Object.onceWrapper (node:events:633:28)\n    at Server.emit (node:events:519:28)\n    at Server.emit (node:domain:488:12)\n    at emitCloseNT (node:net:2321:8)\n    at processTicksAndRejections (node:internal/process/task_queues:81:21)","timestamp":"2024-11-11T09:36:14.242Z","trace":[{"column":37,"file":"C:\\Users\\abhia\\Github-Repos\\fundoo-notes-be\\fundoo-notes-be\\test\\user.test.ts","function":null,"line":23,"method":null,"native":false},{"column":6,"file":"C:\\Users\\abhia\\Github-Repos\\fundoo-notes-be\\fundoo-notes-be\\node_modules\\supertest\\lib\\test.js","function":"Test.assert","line":181,"method":"assert","native":false},{"column":12,"file":"C:\\Users\\abhia\\Github-Repos\\fundoo-notes-be\\fundoo-notes-be\\node_modules\\supertest\\lib\\test.js","function":"Server.localAssert","line":131,"method":"localAssert","native":false},{"column":28,"file":"node:events","function":"Object.onceWrapper","line":633,"method":"onceWrapper","native":false},{"column":28,"file":"node:events","function":"Server.emit","line":519,"method":"emit","native":false},{"column":12,"file":"node:domain","function":"Server.emit","line":488,"method":"emit","native":false},{"column":8,"file":"node:net","function":"emitCloseNT","line":2321,"method":null,"native":false},{"column":21,"file":"node:internal/process/task_queues","function":"processTicksAndRejections","line":81,"method":null,"native":false}]}
info: Server started at http://localhost:3000/api/v1/ {"timestamp":"2024-11-11T09:40:28.417Z"}
info: Connected to the database. {"timestamp":"2024-11-11T09:40:28.508Z"}
error: 
      status - 401
      message - Invalid email or password 
      url - /api/v1/users/login 
      method - POST 
      IP - ::ffff:127.0.0.1
     {"timestamp":"2024-11-11T09:40:28.567Z"}
error: 
      status - 400
      message - "firstname" is required 
      url - /api/v1/users/register 
      method - POST 
      IP - ::ffff:127.0.0.1
     {"timestamp":"2024-11-11T09:40:28.591Z"}
error: 
      status - 401
      message - Invalid email or password 
      url - /api/v1/users/login 
      method - POST 
      IP - ::ffff:127.0.0.1
     {"timestamp":"2024-11-11T09:40:28.606Z"}
info: Server started at http://localhost:3000/api/v1/ {"timestamp":"2024-11-11T09:44:22.603Z"}
info: Connected to the database. {"timestamp":"2024-11-11T09:44:22.630Z"}
info: Connected to the database. {"timestamp":"2024-11-11T09:44:34.046Z"}
error: 
      status - 401
      message - Invalid email or password 
      url - /api/v1/users/login 
      method - POST 
      IP - ::ffff:127.0.0.1
     {"timestamp":"2024-11-11T09:44:34.102Z"}
error: 
      status - 400
      message - "firstname" is required 
      url - /api/v1/users/register 
      method - POST 
      IP - ::ffff:127.0.0.1
     {"timestamp":"2024-11-11T09:44:34.127Z"}
error: 
      status - 401
      message - Invalid email or password 
      url - /api/v1/users/login 
      method - POST 
      IP - ::ffff:127.0.0.1
     {"timestamp":"2024-11-11T09:44:34.142Z"}
info: Connected to the database. {"timestamp":"2024-11-11T09:45:37.256Z"}
error: 
      status - 401
      message - Invalid email or password 
      url - /api/v1/users/login 
      method - POST 
      IP - ::ffff:127.0.0.1
     {"timestamp":"2024-11-11T09:45:37.303Z"}
error: 
      status - 400
      message - "firstname" is required 
      url - /api/v1/users/register 
      method - POST 
      IP - ::ffff:127.0.0.1
     {"timestamp":"2024-11-11T09:45:37.331Z"}
error: 
      status - 401
      message - Invalid email or password 
      url - /api/v1/users/login 
      method - POST 
      IP - ::ffff:127.0.0.1
     {"timestamp":"2024-11-11T09:45:37.348Z"}
info: Connected to the database. {"timestamp":"2024-11-11T09:46:59.770Z"}
error: 
      status - 401
      message - Invalid email or password 
      url - /api/v1/users/login 
      method - POST 
      IP - ::ffff:127.0.0.1
     {"timestamp":"2024-11-11T09:46:59.815Z"}
error: 
      status - 400
      message - "firstname" is required 
      url - /api/v1/users/register 
      method - POST 
      IP - ::ffff:127.0.0.1
     {"timestamp":"2024-11-11T09:46:59.839Z"}
error: 
      status - 401
      message - Invalid email or password 
      url - /api/v1/users/login 
      method - POST 
      IP - ::ffff:127.0.0.1
     {"timestamp":"2024-11-11T09:46:59.857Z"}
info: Server started at http://localhost:3000/api/v1/ {"timestamp":"2024-11-11T10:22:52.117Z"}
info: Connected to Redis {"timestamp":"2024-11-11T10:22:52.152Z"}
info: Connected to the database. {"timestamp":"2024-11-11T10:22:52.165Z"}
info: Connected to Redis {"timestamp":"2024-11-12T09:20:05.906Z"}
info: Connected to the database. {"timestamp":"2024-11-12T09:20:05.923Z"}
error: 
      status - 401
      message - Invalid email or password 
      url - /api/v1/users/login 
      method - POST 
      IP - ::ffff:127.0.0.1
     {"timestamp":"2024-11-12T09:20:06.035Z"}
error: 
      status - 400
      message - "firstname" is required 
      url - /api/v1/users/register 
      method - POST 
      IP - ::ffff:127.0.0.1
     {"timestamp":"2024-11-12T09:20:06.064Z"}
error: 
      status - 401
      message - Invalid email or password 
      url - /api/v1/users/login 
      method - POST 
      IP - ::ffff:127.0.0.1
     {"timestamp":"2024-11-12T09:20:06.082Z"}
info: Server started at http://localhost:3000/api/v1/ {"timestamp":"2024-11-12T17:21:02.792Z"}
info: Connected to Redis {"timestamp":"2024-11-12T17:21:02.821Z"}
info: Connected to the database. {"timestamp":"2024-11-12T17:21:02.852Z"}
error: 
    status - 500 
    message - ValidationError: Note validation failed: content: Path `content` is required., title: Path `title` is required.
    at model.Document.invalidate (C:\Users\abhia\Github-Repos\fundoo-notes-be\fundoo-notes-be\node_modules\mongoose\lib\document.js:2788:32)
    at C:\Users\abhia\Github-Repos\fundoo-notes-be\fundoo-notes-be\node_modules\mongoose\lib\document.js:2580:17
    at C:\Users\abhia\Github-Repos\fundoo-notes-be\fundoo-notes-be\node_modules\mongoose\lib\schematype.js:1273:9
    at processTicksAndRejections (node:internal/process/task_queues:77:11) 
    url - /api/v1/notes 
    method - POST 
    IP - ::1
   {"timestamp":"2024-11-12T17:22:58.543Z"}
error: uncaughtException: Cannot set headers after they are sent to the client
Error: Cannot set headers after they are sent to the client
    at ServerResponse.setHeader (node:_http_outgoing:659:11)
    at ServerResponse.header (C:\Users\abhia\Github-Repos\fundoo-notes-be\fundoo-notes-be\node_modules\express\lib\response.js:794:10)
    at ServerResponse.send (C:\Users\abhia\Github-Repos\fundoo-notes-be\fundoo-notes-be\node_modules\express\lib\response.js:174:12)
    at ServerResponse.json (C:\Users\abhia\Github-Repos\fundoo-notes-be\fundoo-notes-be\node_modules\express\lib\response.js:278:15)
    at NoteController.<anonymous> (C:\Users\abhia\Github-Repos\fundoo-notes-be\fundoo-notes-be\src\controllers\note.controller.ts:71:30)
    at Generator.throw (<anonymous>)
    at rejected (C:\Users\abhia\Github-Repos\fundoo-notes-be\fundoo-notes-be\src\controllers\note.controller.ts:6:65)
    at processTicksAndRejections (node:internal/process/task_queues:95:5) {"date":"Tue Nov 12 2024 22:52:58 GMT+0530 (India Standard Time)","error":{"code":"ERR_HTTP_HEADERS_SENT"},"exception":true,"os":{"loadavg":[0,0,0],"uptime":189349.25},"process":{"argv":["C:\\Program Files\\nodejs\\node.exe","./src/index.ts"],"cwd":"C:\\Users\\abhia\\Github-Repos\\fundoo-notes-be\\fundoo-notes-be","execPath":"C:\\Program Files\\nodejs\\node.exe","gid":null,"memoryUsage":{"arrayBuffers":18279014,"external":20651671,"heapTotal":31006720,"heapUsed":29059624,"rss":66314240},"pid":9740,"uid":null,"version":"v20.15.1"},"stack":"Error: Cannot set headers after they are sent to the client\n    at ServerResponse.setHeader (node:_http_outgoing:659:11)\n    at ServerResponse.header (C:\\Users\\abhia\\Github-Repos\\fundoo-notes-be\\fundoo-notes-be\\node_modules\\express\\lib\\response.js:794:10)\n    at ServerResponse.send (C:\\Users\\abhia\\Github-Repos\\fundoo-notes-be\\fundoo-notes-be\\node_modules\\express\\lib\\response.js:174:12)\n    at ServerResponse.json (C:\\Users\\abhia\\Github-Repos\\fundoo-notes-be\\fundoo-notes-be\\node_modules\\express\\lib\\response.js:278:15)\n    at NoteController.<anonymous> (C:\\Users\\abhia\\Github-Repos\\fundoo-notes-be\\fundoo-notes-be\\src\\controllers\\note.controller.ts:71:30)\n    at Generator.throw (<anonymous>)\n    at rejected (C:\\Users\\abhia\\Github-Repos\\fundoo-notes-be\\fundoo-notes-be\\src\\controllers\\note.controller.ts:6:65)\n    at processTicksAndRejections (node:internal/process/task_queues:95:5)","timestamp":"2024-11-12T17:22:58.564Z","trace":[{"column":11,"file":"node:_http_outgoing","function":"ServerResponse.setHeader","line":659,"method":"setHeader","native":false},{"column":10,"file":"C:\\Users\\abhia\\Github-Repos\\fundoo-notes-be\\fundoo-notes-be\\node_modules\\express\\lib\\response.js","function":"ServerResponse.header","line":794,"method":"header","native":false},{"column":12,"file":"C:\\Users\\abhia\\Github-Repos\\fundoo-notes-be\\fundoo-notes-be\\node_modules\\express\\lib\\response.js","function":"ServerResponse.send","line":174,"method":"send","native":false},{"column":15,"file":"C:\\Users\\abhia\\Github-Repos\\fundoo-notes-be\\fundoo-notes-be\\node_modules\\express\\lib\\response.js","function":"ServerResponse.json","line":278,"method":"json","native":false},{"column":30,"file":"C:\\Users\\abhia\\Github-Repos\\fundoo-notes-be\\fundoo-notes-be\\src\\controllers\\note.controller.ts","function":null,"line":71,"method":null,"native":false},{"column":null,"file":null,"function":"Generator.throw","line":null,"method":"throw","native":false},{"column":65,"file":"C:\\Users\\abhia\\Github-Repos\\fundoo-notes-be\\fundoo-notes-be\\src\\controllers\\note.controller.ts","function":"rejected","line":6,"method":null,"native":false},{"column":5,"file":"node:internal/process/task_queues","function":"processTicksAndRejections","line":95,"method":null,"native":false}]}
info: Server started at http://localhost:3000/api/v1/ {"timestamp":"2024-11-12T17:25:24.514Z"}
info: Connected to Redis {"timestamp":"2024-11-12T17:25:24.539Z"}
info: Connected to the database. {"timestamp":"2024-11-12T17:25:24.551Z"}
error: 
    status - 500 
    message - SyntaxError: Expected double-quoted property name in JSON at position 41
    at JSON.parse (<anonymous>)
    at parse (C:\Users\abhia\Github-Repos\fundoo-notes-be\fundoo-notes-be\node_modules\body-parser\lib\types\json.js:92:19)
    at C:\Users\abhia\Github-Repos\fundoo-notes-be\fundoo-notes-be\node_modules\body-parser\lib\read.js:128:18
    at AsyncResource.runInAsyncScope (node:async_hooks:206:9)
    at invokeCallback (C:\Users\abhia\Github-Repos\fundoo-notes-be\fundoo-notes-be\node_modules\raw-body\index.js:238:16)
    at done (C:\Users\abhia\Github-Repos\fundoo-notes-be\fundoo-notes-be\node_modules\raw-body\index.js:227:7)
    at IncomingMessage.onEnd (C:\Users\abhia\Github-Repos\fundoo-notes-be\fundoo-notes-be\node_modules\raw-body\index.js:287:7)
    at IncomingMessage.emit (node:events:519:28)
    at endReadableNT (node:internal/streams/readable:1696:12)
    at processTicksAndRejections (node:internal/process/task_queues:82:21) 
    url - /api/v1/users/login 
    method - POST 
    IP - ::1
   {"timestamp":"2024-11-12T17:25:30.554Z"}
info: Server started at http://localhost:3000/api/v1/ {"timestamp":"2024-11-13T05:34:01.504Z"}
info: Connected to Redis {"timestamp":"2024-11-13T05:34:01.538Z"}
info: Connected to the database. {"timestamp":"2024-11-13T05:34:01.548Z"}
error: 
    status - 500 
    message - ValidationError: Note validation failed: content: Path `content` is required., title: Path `title` is required.
    at model.Document.invalidate (C:\Users\abhia\Github-Repos\fundoo-notes-be\fundoo-notes-be\node_modules\mongoose\lib\document.js:2788:32)
    at C:\Users\abhia\Github-Repos\fundoo-notes-be\fundoo-notes-be\node_modules\mongoose\lib\document.js:2580:17
    at C:\Users\abhia\Github-Repos\fundoo-notes-be\fundoo-notes-be\node_modules\mongoose\lib\schematype.js:1273:9
    at processTicksAndRejections (node:internal/process/task_queues:77:11) 
    url - /api/v1/notes 
    method - POST 
    IP - ::1
   {"timestamp":"2024-11-13T05:37:38.928Z"}
error: uncaughtException: Cannot set headers after they are sent to the client
Error: Cannot set headers after they are sent to the client
    at ServerResponse.setHeader (node:_http_outgoing:659:11)
    at ServerResponse.header (C:\Users\abhia\Github-Repos\fundoo-notes-be\fundoo-notes-be\node_modules\express\lib\response.js:794:10)
    at ServerResponse.send (C:\Users\abhia\Github-Repos\fundoo-notes-be\fundoo-notes-be\node_modules\express\lib\response.js:174:12)
    at ServerResponse.json (C:\Users\abhia\Github-Repos\fundoo-notes-be\fundoo-notes-be\node_modules\express\lib\response.js:278:15)
    at NoteController.<anonymous> (C:\Users\abhia\Github-Repos\fundoo-notes-be\fundoo-notes-be\src\controllers\note.controller.ts:71:30)
    at Generator.throw (<anonymous>)
    at rejected (C:\Users\abhia\Github-Repos\fundoo-notes-be\fundoo-notes-be\src\controllers\note.controller.ts:6:65)
    at processTicksAndRejections (node:internal/process/task_queues:95:5) {"date":"Wed Nov 13 2024 11:07:38 GMT+0530 (India Standard Time)","error":{"code":"ERR_HTTP_HEADERS_SENT"},"exception":true,"os":{"loadavg":[0,0,0],"uptime":233429.64},"process":{"argv":["C:\\Program Files\\nodejs\\node.exe","./src/index.ts"],"cwd":"C:\\Users\\abhia\\Github-Repos\\fundoo-notes-be\\fundoo-notes-be","execPath":"C:\\Program Files\\nodejs\\node.exe","gid":null,"memoryUsage":{"arrayBuffers":18283182,"external":20652347,"heapTotal":31006720,"heapUsed":29015216,"rss":67391488},"pid":16712,"uid":null,"version":"v20.15.1"},"stack":"Error: Cannot set headers after they are sent to the client\n    at ServerResponse.setHeader (node:_http_outgoing:659:11)\n    at ServerResponse.header (C:\\Users\\abhia\\Github-Repos\\fundoo-notes-be\\fundoo-notes-be\\node_modules\\express\\lib\\response.js:794:10)\n    at ServerResponse.send (C:\\Users\\abhia\\Github-Repos\\fundoo-notes-be\\fundoo-notes-be\\node_modules\\express\\lib\\response.js:174:12)\n    at ServerResponse.json (C:\\Users\\abhia\\Github-Repos\\fundoo-notes-be\\fundoo-notes-be\\node_modules\\express\\lib\\response.js:278:15)\n    at NoteController.<anonymous> (C:\\Users\\abhia\\Github-Repos\\fundoo-notes-be\\fundoo-notes-be\\src\\controllers\\note.controller.ts:71:30)\n    at Generator.throw (<anonymous>)\n    at rejected (C:\\Users\\abhia\\Github-Repos\\fundoo-notes-be\\fundoo-notes-be\\src\\controllers\\note.controller.ts:6:65)\n    at processTicksAndRejections (node:internal/process/task_queues:95:5)","timestamp":"2024-11-13T05:37:38.950Z","trace":[{"column":11,"file":"node:_http_outgoing","function":"ServerResponse.setHeader","line":659,"method":"setHeader","native":false},{"column":10,"file":"C:\\Users\\abhia\\Github-Repos\\fundoo-notes-be\\fundoo-notes-be\\node_modules\\express\\lib\\response.js","function":"ServerResponse.header","line":794,"method":"header","native":false},{"column":12,"file":"C:\\Users\\abhia\\Github-Repos\\fundoo-notes-be\\fundoo-notes-be\\node_modules\\express\\lib\\response.js","function":"ServerResponse.send","line":174,"method":"send","native":false},{"column":15,"file":"C:\\Users\\abhia\\Github-Repos\\fundoo-notes-be\\fundoo-notes-be\\node_modules\\express\\lib\\response.js","function":"ServerResponse.json","line":278,"method":"json","native":false},{"column":30,"file":"C:\\Users\\abhia\\Github-Repos\\fundoo-notes-be\\fundoo-notes-be\\src\\controllers\\note.controller.ts","function":null,"line":71,"method":null,"native":false},{"column":null,"file":null,"function":"Generator.throw","line":null,"method":"throw","native":false},{"column":65,"file":"C:\\Users\\abhia\\Github-Repos\\fundoo-notes-be\\fundoo-notes-be\\src\\controllers\\note.controller.ts","function":"rejected","line":6,"method":null,"native":false},{"column":5,"file":"node:internal/process/task_queues","function":"processTicksAndRejections","line":95,"method":null,"native":false}]}
info: Server started at http://localhost:3000/api/v1/ {"timestamp":"2024-11-13T05:38:15.162Z"}
info: Connected to Redis {"timestamp":"2024-11-13T05:38:15.191Z"}
info: Connected to the database. {"timestamp":"2024-11-13T05:38:15.202Z"}
