error: uncaughtException: Route.post() requires a callback function but got a [object Undefined]
Error: Route.post() requires a callback function but got a [object Undefined]
    at Route.<computed> [as post] (C:\Users\abhia\Github-Repos\fundoo-notes-be\fundoo-notes-be\node_modules\express\lib\router\route.js:216:15)
    at Function.proto.<computed> [as post] (C:\Users\abhia\Github-Repos\fundoo-notes-be\fundoo-notes-be\node_modules\express\lib\router\index.js:521:19)
    at UserRoutes.routes (C:\Users\abhia\Github-Repos\fundoo-notes-be\fundoo-notes-be\src\routes\user.route.ts:16:17)
    at new UserRoutes (C:\Users\abhia\Github-Repos\fundoo-notes-be\fundoo-notes-be\src\routes\user.route.ts:11:10)
    at routes (C:\Users\abhia\Github-Repos\fundoo-notes-be\fundoo-notes-be\src\routes\index.ts:15:24)
    at App.initializeRoutes (C:\Users\abhia\Github-Repos\fundoo-notes-be\fundoo-notes-be\src\index.ts:52:52)
    at new App (C:\Users\abhia\Github-Repos\fundoo-notes-be\fundoo-notes-be\src\index.ts:33:10)
    at Object.<anonymous> (C:\Users\abhia\Github-Repos\fundoo-notes-be\fundoo-notes-be\src\index.ts:74:13)
    at Module._compile (node:internal/modules/cjs/loader:1358:14)
    at Module._compile (C:\Users\abhia\Github-Repos\fundoo-notes-be\fundoo-notes-be\node_modules\source-map-support\source-map-support.js:568:25)
    at Module.m._compile (C:\Users\abhia\AppData\Local\Temp\ts-node-dev-hook-30857200973971755.js:69:33)
    at Module._extensions..js (node:internal/modules/cjs/loader:1416:10)
    at require.extensions..jsx.require.extensions..js (C:\Users\abhia\AppData\Local\Temp\ts-node-dev-hook-30857200973971755.js:114:20)
    at require.extensions.<computed> (C:\Users\abhia\AppData\Local\Temp\ts-node-dev-hook-30857200973971755.js:71:20)
    at Object.nodeDevHook [as .ts] (C:\Users\abhia\Github-Repos\fundoo-notes-be\fundoo-notes-be\node_modules\ts-node-dev\lib\hook.js:63:13)
    at Module.load (node:internal/modules/cjs/loader:1208:32) {"date":"Thu Oct 17 2024 16:18:24 GMT+0530 (India Standard Time)","error":{},"exception":true,"os":{"loadavg":[0,0,0],"uptime":258912.484},"process":{"argv":["C:\\Program Files\\nodejs\\node.exe","./src/index.ts"],"cwd":"C:\\Users\\abhia\\Github-Repos\\fundoo-notes-be\\fundoo-notes-be","execPath":"C:\\Program Files\\nodejs\\node.exe","gid":null,"memoryUsage":{"arrayBuffers":18396727,"external":20601152,"heapTotal":55754752,"heapUsed":29955592,"rss":75026432},"pid":23260,"uid":null,"version":"v20.15.1"},"stack":"Error: Route.post() requires a callback function but got a [object Undefined]\n    at Route.<computed> [as post] (C:\\Users\\abhia\\Github-Repos\\fundoo-notes-be\\fundoo-notes-be\\node_modules\\express\\lib\\router\\route.js:216:15)\n    at Function.proto.<computed> [as post] (C:\\Users\\abhia\\Github-Repos\\fundoo-notes-be\\fundoo-notes-be\\node_modules\\express\\lib\\router\\index.js:521:19)\n    at UserRoutes.routes (C:\\Users\\abhia\\Github-Repos\\fundoo-notes-be\\fundoo-notes-be\\src\\routes\\user.route.ts:16:17)\n    at new UserRoutes (C:\\Users\\abhia\\Github-Repos\\fundoo-notes-be\\fundoo-notes-be\\src\\routes\\user.route.ts:11:10)\n    at routes (C:\\Users\\abhia\\Github-Repos\\fundoo-notes-be\\fundoo-notes-be\\src\\routes\\index.ts:15:24)\n    at App.initializeRoutes (C:\\Users\\abhia\\Github-Repos\\fundoo-notes-be\\fundoo-notes-be\\src\\index.ts:52:52)\n    at new App (C:\\Users\\abhia\\Github-Repos\\fundoo-notes-be\\fundoo-notes-be\\src\\index.ts:33:10)\n    at Object.<anonymous> (C:\\Users\\abhia\\Github-Repos\\fundoo-notes-be\\fundoo-notes-be\\src\\index.ts:74:13)\n    at Module._compile (node:internal/modules/cjs/loader:1358:14)\n    at Module._compile (C:\\Users\\abhia\\Github-Repos\\fundoo-notes-be\\fundoo-notes-be\\node_modules\\source-map-support\\source-map-support.js:568:25)\n    at Module.m._compile (C:\\Users\\abhia\\AppData\\Local\\Temp\\ts-node-dev-hook-30857200973971755.js:69:33)\n    at Module._extensions..js (node:internal/modules/cjs/loader:1416:10)\n    at require.extensions..jsx.require.extensions..js (C:\\Users\\abhia\\AppData\\Local\\Temp\\ts-node-dev-hook-30857200973971755.js:114:20)\n    at require.extensions.<computed> (C:\\Users\\abhia\\AppData\\Local\\Temp\\ts-node-dev-hook-30857200973971755.js:71:20)\n    at Object.nodeDevHook [as .ts] (C:\\Users\\abhia\\Github-Repos\\fundoo-notes-be\\fundoo-notes-be\\node_modules\\ts-node-dev\\lib\\hook.js:63:13)\n    at Module.load (node:internal/modules/cjs/loader:1208:32)","timestamp":"2024-10-17T10:48:24.860Z","trace":[{"column":15,"file":"C:\\Users\\abhia\\Github-Repos\\fundoo-notes-be\\fundoo-notes-be\\node_modules\\express\\lib\\router\\route.js","function":"Route.<computed> [as post]","line":216,"method":"<computed> [as post]","native":false},{"column":19,"file":"C:\\Users\\abhia\\Github-Repos\\fundoo-notes-be\\fundoo-notes-be\\node_modules\\express\\lib\\router\\index.js","function":"Function.proto.<computed> [as post]","line":521,"method":"<computed> [as post]","native":false},{"column":17,"file":"C:\\Users\\abhia\\Github-Repos\\fundoo-notes-be\\fundoo-notes-be\\src\\routes\\user.route.ts","function":"UserRoutes.routes","line":16,"method":"routes","native":false},{"column":10,"file":"C:\\Users\\abhia\\Github-Repos\\fundoo-notes-be\\fundoo-notes-be\\src\\routes\\user.route.ts","function":"new UserRoutes","line":11,"method":null,"native":false},{"column":24,"file":"C:\\Users\\abhia\\Github-Repos\\fundoo-notes-be\\fundoo-notes-be\\src\\routes\\index.ts","function":"routes","line":15,"method":null,"native":false},{"column":52,"file":"C:\\Users\\abhia\\Github-Repos\\fundoo-notes-be\\fundoo-notes-be\\src\\index.ts","function":"App.initializeRoutes","line":52,"method":"initializeRoutes","native":false},{"column":10,"file":"C:\\Users\\abhia\\Github-Repos\\fundoo-notes-be\\fundoo-notes-be\\src\\index.ts","function":"new App","line":33,"method":null,"native":false},{"column":13,"file":"C:\\Users\\abhia\\Github-Repos\\fundoo-notes-be\\fundoo-notes-be\\src\\index.ts","function":null,"line":74,"method":null,"native":false},{"column":14,"file":"node:internal/modules/cjs/loader","function":"Module._compile","line":1358,"method":"_compile","native":false},{"column":25,"file":"C:\\Users\\abhia\\Github-Repos\\fundoo-notes-be\\fundoo-notes-be\\node_modules\\source-map-support\\source-map-support.js","function":"Module._compile","line":568,"method":"_compile","native":false},{"column":33,"file":"C:\\Users\\abhia\\AppData\\Local\\Temp\\ts-node-dev-hook-30857200973971755.js","function":"Module.m._compile","line":69,"method":"_compile","native":false},{"column":10,"file":"node:internal/modules/cjs/loader","function":"Module._extensions..js","line":1416,"method":".js","native":false},{"column":20,"file":"C:\\Users\\abhia\\AppData\\Local\\Temp\\ts-node-dev-hook-30857200973971755.js","function":"require.extensions..jsx.require.extensions..js","line":114,"method":".js","native":false},{"column":20,"file":"C:\\Users\\abhia\\AppData\\Local\\Temp\\ts-node-dev-hook-30857200973971755.js","function":"require.extensions.<computed>","line":71,"method":"<computed>","native":false},{"column":13,"file":"C:\\Users\\abhia\\Github-Repos\\fundoo-notes-be\\fundoo-notes-be\\node_modules\\ts-node-dev\\lib\\hook.js","function":"Object.nodeDevHook [as .ts]","line":63,"method":"ts]","native":false},{"column":32,"file":"node:internal/modules/cjs/loader","function":"Module.load","line":1208,"method":"load","native":false}]}
error: 
      status - 401
      message - Invalid email or password 
      url - /api/v1/users/login 
      method - POST 
      IP - ::1
     {"timestamp":"2024-10-21T17:57:20.516Z"}
error: 
      status - 400
      message - User already exists 
      url - /api/v1/users/register 
      method - POST 
      IP - ::1
     {"timestamp":"2024-10-21T17:57:33.322Z"}
error: 
      status - 401
      message - Invalid email or password 
      url - /api/v1/users/login 
      method - POST 
      IP - ::1
     {"timestamp":"2024-10-21T18:00:48.036Z"}
error: 
      status - 401
      message - Invalid email or password 
      url - /api/v1/users/login 
      method - POST 
      IP - ::1
     {"timestamp":"2024-10-21T18:00:54.018Z"}
error: 
      status - 400
      message - User already exists 
      url - /api/v1/users/register 
      method - POST 
      IP - ::1
     {"timestamp":"2024-10-21T18:01:04.107Z"}
error: 
      status - 400
      message - Authorization token is required 
      url - /api/v1/notes 
      method - POST 
      IP - ::1
     {"timestamp":"2024-10-21T18:17:18.256Z"}
error: 
    status - 500 
    message - SyntaxError: Expected double-quoted property name in JSON at position 43
    at JSON.parse (<anonymous>)
    at parse (C:\Users\abhia\Github-Repos\fundoo-notes-be\fundoo-notes-be\node_modules\body-parser\lib\types\json.js:92:19)
    at C:\Users\abhia\Github-Repos\fundoo-notes-be\fundoo-notes-be\node_modules\body-parser\lib\read.js:128:18
    at AsyncResource.runInAsyncScope (node:async_hooks:206:9)
    at invokeCallback (C:\Users\abhia\Github-Repos\fundoo-notes-be\fundoo-notes-be\node_modules\raw-body\index.js:238:16)
    at done (C:\Users\abhia\Github-Repos\fundoo-notes-be\fundoo-notes-be\node_modules\raw-body\index.js:227:7)
    at IncomingMessage.onEnd (C:\Users\abhia\Github-Repos\fundoo-notes-be\fundoo-notes-be\node_modules\raw-body\index.js:287:7)
    at IncomingMessage.emit (node:events:519:28)
    at endReadableNT (node:internal/streams/readable:1696:12)
    at processTicksAndRejections (node:internal/process/task_queues:82:21) 
    url - /api/v1/users/login 
    method - POST 
    IP - ::1
   {"timestamp":"2024-10-22T05:40:35.255Z"}
error: 
    status - 500 
    message - JsonWebTokenError: jwt must be provided
    at Object.module.exports [as verify] (C:\Users\abhia\Github-Repos\fundoo-notes-be\fundoo-notes-be\node_modules\jsonwebtoken\verify.js:53:17)
    at C:\Users\abhia\Github-Repos\fundoo-notes-be\fundoo-notes-be\src\middlewares\auth.middleware.ts:28:37
    at Generator.next (<anonymous>)
    at C:\Users\abhia\Github-Repos\fundoo-notes-be\fundoo-notes-be\src\middlewares\auth.middleware.ts:8:71
    at new Promise (<anonymous>)
    at __awaiter (C:\Users\abhia\Github-Repos\fundoo-notes-be\fundoo-notes-be\src\middlewares\auth.middleware.ts:4:12)
    at userAuth (C:\Users\abhia\Github-Repos\fundoo-notes-be\fundoo-notes-be\src\middlewares\auth.middleware.ts:18:20)
    at Layer.handle [as handle_request] (C:\Users\abhia\Github-Repos\fundoo-notes-be\fundoo-notes-be\node_modules\express\lib\router\layer.js:95:5)
    at next (C:\Users\abhia\Github-Repos\fundoo-notes-be\fundoo-notes-be\node_modules\express\lib\router\route.js:149:13)
    at Route.dispatch (C:\Users\abhia\Github-Repos\fundoo-notes-be\fundoo-notes-be\node_modules\express\lib\router\route.js:119:3)
    at Layer.handle [as handle_request] (C:\Users\abhia\Github-Repos\fundoo-notes-be\fundoo-notes-be\node_modules\express\lib\router\layer.js:95:5)
    at C:\Users\abhia\Github-Repos\fundoo-notes-be\fundoo-notes-be\node_modules\express\lib\router\index.js:284:15
    at Function.process_params (C:\Users\abhia\Github-Repos\fundoo-notes-be\fundoo-notes-be\node_modules\express\lib\router\index.js:346:12)
    at next (C:\Users\abhia\Github-Repos\fundoo-notes-be\fundoo-notes-be\node_modules\express\lib\router\index.js:280:10)
    at Function.handle (C:\Users\abhia\Github-Repos\fundoo-notes-be\fundoo-notes-be\node_modules\express\lib\router\index.js:175:3)
    at router (C:\Users\abhia\Github-Repos\fundoo-notes-be\fundoo-notes-be\node_modules\express\lib\router\index.js:47:12) 
    url - /api/v1/notes 
    method - POST 
    IP - ::1
   {"timestamp":"2024-10-22T05:44:47.020Z"}
error: 
    status - 500 
    message - JsonWebTokenError: jwt must be provided
    at Object.module.exports [as verify] (C:\Users\abhia\Github-Repos\fundoo-notes-be\fundoo-notes-be\node_modules\jsonwebtoken\verify.js:53:17)
    at C:\Users\abhia\Github-Repos\fundoo-notes-be\fundoo-notes-be\src\middlewares\auth.middleware.ts:28:37
    at Generator.next (<anonymous>)
    at C:\Users\abhia\Github-Repos\fundoo-notes-be\fundoo-notes-be\src\middlewares\auth.middleware.ts:8:71
    at new Promise (<anonymous>)
    at __awaiter (C:\Users\abhia\Github-Repos\fundoo-notes-be\fundoo-notes-be\src\middlewares\auth.middleware.ts:4:12)
    at userAuth (C:\Users\abhia\Github-Repos\fundoo-notes-be\fundoo-notes-be\src\middlewares\auth.middleware.ts:18:20)
    at Layer.handle [as handle_request] (C:\Users\abhia\Github-Repos\fundoo-notes-be\fundoo-notes-be\node_modules\express\lib\router\layer.js:95:5)
    at next (C:\Users\abhia\Github-Repos\fundoo-notes-be\fundoo-notes-be\node_modules\express\lib\router\route.js:149:13)
    at Route.dispatch (C:\Users\abhia\Github-Repos\fundoo-notes-be\fundoo-notes-be\node_modules\express\lib\router\route.js:119:3)
    at Layer.handle [as handle_request] (C:\Users\abhia\Github-Repos\fundoo-notes-be\fundoo-notes-be\node_modules\express\lib\router\layer.js:95:5)
    at C:\Users\abhia\Github-Repos\fundoo-notes-be\fundoo-notes-be\node_modules\express\lib\router\index.js:284:15
    at Function.process_params (C:\Users\abhia\Github-Repos\fundoo-notes-be\fundoo-notes-be\node_modules\express\lib\router\index.js:346:12)
    at next (C:\Users\abhia\Github-Repos\fundoo-notes-be\fundoo-notes-be\node_modules\express\lib\router\index.js:280:10)
    at Function.handle (C:\Users\abhia\Github-Repos\fundoo-notes-be\fundoo-notes-be\node_modules\express\lib\router\index.js:175:3)
    at router (C:\Users\abhia\Github-Repos\fundoo-notes-be\fundoo-notes-be\node_modules\express\lib\router\index.js:47:12) 
    url - /api/v1/notes 
    method - POST 
    IP - ::1
   {"timestamp":"2024-10-22T05:45:59.566Z"}
error: 
    status - 500 
    message - ValidationError: Note validation failed: userId: Cast to ObjectId failed for value "1" (type string) at path "userId"
    at model.Document.invalidate (C:\Users\abhia\Github-Repos\fundoo-notes-be\fundoo-notes-be\node_modules\mongoose\lib\document.js:2788:32)
    at model.$set (C:\Users\abhia\Github-Repos\fundoo-notes-be\fundoo-notes-be\node_modules\mongoose\lib\document.js:1355:12)
    at model.$set (C:\Users\abhia\Github-Repos\fundoo-notes-be\fundoo-notes-be\node_modules\mongoose\lib\document.js:1062:16)
    at model.Document (C:\Users\abhia\Github-Repos\fundoo-notes-be\fundoo-notes-be\node_modules\mongoose\lib\document.js:148:12)
    at model.Model (C:\Users\abhia\Github-Repos\fundoo-notes-be\fundoo-notes-be\node_modules\mongoose\lib\model.js:106:12)
    at new model (C:\Users\abhia\Github-Repos\fundoo-notes-be\fundoo-notes-be\node_modules\mongoose\lib\model.js:4919:15)
    at C:\Users\abhia\Github-Repos\fundoo-notes-be\fundoo-notes-be\node_modules\mongoose\lib\model.js:3165:22
    at C:\Users\abhia\Github-Repos\fundoo-notes-be\fundoo-notes-be\node_modules\mongoose\lib\model.js:3201:7
    at Array.forEach (<anonymous>)
    at C:\Users\abhia\Github-Repos\fundoo-notes-be\fundoo-notes-be\node_modules\mongoose\lib\model.js:3200:15
    at C:\Users\abhia\Github-Repos\fundoo-notes-be\fundoo-notes-be\node_modules\mongoose\lib\helpers\promiseOrCallback.js:32:5
    at new Promise (<anonymous>)
    at promiseOrCallback (C:\Users\abhia\Github-Repos\fundoo-notes-be\fundoo-notes-be\node_modules\mongoose\lib\helpers\promiseOrCallback.js:31:10)
    at Mongoose._promiseOrCallback (C:\Users\abhia\Github-Repos\fundoo-notes-be\fundoo-notes-be\node_modules\mongoose\lib\index.js:1149:10)
    at Function.create (C:\Users\abhia\Github-Repos\fundoo-notes-be\fundoo-notes-be\node_modules\mongoose\lib\model.js:3135:23)
    at NoteService.<anonymous> (C:\Users\abhia\Github-Repos\fundoo-notes-be\fundoo-notes-be\src\services\note.service.ts:12:23) 
    url - /api/v1/notes 
    method - POST 
    IP - ::1
   {"timestamp":"2024-10-22T05:46:09.509Z"}
error: 
      status - 400
      message - "firstname" is required 
      url - /api/v1/users/register 
      method - POST 
      IP - ::1
     {"timestamp":"2024-11-05T10:06:05.681Z"}
error: 
      status - 401
      message - Invalid email or password 
      url - /api/v1/users/login 
      method - POST 
      IP - ::1
     {"timestamp":"2024-11-05T10:08:57.770Z"}
error: 
      status - 401
      message - Invalid email or password 
      url - /api/v1/users/login 
      method - POST 
      IP - ::1
     {"timestamp":"2024-11-05T17:30:58.996Z"}
error: 
      status - 401
      message - Invalid email or password 
      url - /api/v1/users/login 
      method - POST 
      IP - ::1
     {"timestamp":"2024-11-05T17:31:13.389Z"}
error: 
      status - 401
      message - Invalid email or password 
      url - /api/v1/users/login 
      method - POST 
      IP - ::1
     {"timestamp":"2024-11-05T17:31:24.549Z"}
