info: ::1 - - [17/Oct/2024:10:38:01 +0000] "GET /api/v1/ HTTP/1.1" 200 9 "-" "Mozilla/5.0 (Windows NT 10.0; Win64; x64) AppleWebKit/537.36 (KHTML, like Gecko) Chrome/129.0.0.0 Safari/537.36"

info: ::1 - - [17/Oct/2024:10:38:01 +0000] "GET /favicon.ico HTTP/1.1" 404 47 "-" "Mozilla/5.0 (Windows NT 10.0; Win64; x64) AppleWebKit/537.36 (KHTML, like Gecko) Chrome/129.0.0.0 Safari/537.36"

info: ::1 - - [17/Oct/2024:10:38:40 +0000] "GET /api/v1/ HTTP/1.1" 304 - "-" "Mozilla/5.0 (Windows NT 10.0; Win64; x64) AppleWebKit/537.36 (KHTML, like Gecko) Chrome/129.0.0.0 Safari/537.36"

info: ::1 - - [17/Oct/2024:10:38:40 +0000] "GET /favicon.ico HTTP/1.1" 404 47 "-" "Mozilla/5.0 (Windows NT 10.0; Win64; x64) AppleWebKit/537.36 (KHTML, like Gecko) Chrome/129.0.0.0 Safari/537.36"

info: ::1 - - [17/Oct/2024:10:41:29 +0000] "POST /api/v1/users HTTP/1.1" 404 47 "-" "PostmanRuntime/7.42.0"

info: ::1 - - [17/Oct/2024:10:41:50 +0000] "GET /api/v1/users HTTP/1.1" 404 47 "-" "PostmanRuntime/7.42.0"

info: ::1 - - [17/Oct/2024:10:42:01 +0000] "POST /api/v1/users HTTP/1.1" 404 47 "-" "PostmanRuntime/7.42.0"

info: ::1 - - [17/Oct/2024:10:43:42 +0000] "POST /api/v1/users/register HTTP/1.1" 201 316 "-" "PostmanRuntime/7.42.0"

info: ::1 - - [17/Oct/2024:10:44:29 +0000] "GET /api/v1/users/register HTTP/1.1" 404 47 "-" "PostmanRuntime/7.42.0"

info: ::1 - - [17/Oct/2024:11:45:17 +0000] "GET /api/v1/ HTTP/1.1" 304 - "-" "Mozilla/5.0 (Windows NT 10.0; Win64; x64) AppleWebKit/537.36 (KHTML, like Gecko) Chrome/129.0.0.0 Safari/537.36"

info: ::1 - - [17/Oct/2024:11:45:17 +0000] "GET /favicon.ico HTTP/1.1" 404 47 "-" "Mozilla/5.0 (Windows NT 10.0; Win64; x64) AppleWebKit/537.36 (KHTML, like Gecko) Chrome/129.0.0.0 Safari/537.36"

info: ::1 - - [17/Oct/2024:11:45:49 +0000] "GET /api/v1/users/register HTTP/1.1" 404 47 "-" "PostmanRuntime/7.42.0"

info: ::1 - - [17/Oct/2024:11:48:05 +0000] "POST /api/v1/users/register HTTP/1.1" 201 319 "-" "PostmanRuntime/7.42.0"

info: ::1 - - [17/Oct/2024:11:55:22 +0000] "POST /api/v1/users/register HTTP/1.1" 201 314 "-" "PostmanRuntime/7.42.0"

info: ::1 - - [20/Oct/2024:14:03:42 +0000] "GET /api/v1/ HTTP/1.1" 304 - "-" "Mozilla/5.0 (Windows NT 10.0; Win64; x64) AppleWebKit/537.36 (KHTML, like Gecko) Chrome/129.0.0.0 Safari/537.36"

info: ::1 - - [20/Oct/2024:14:03:42 +0000] "GET /favicon.ico HTTP/1.1" 404 47 "-" "Mozilla/5.0 (Windows NT 10.0; Win64; x64) AppleWebKit/537.36 (KHTML, like Gecko) Chrome/129.0.0.0 Safari/537.36"

info: ::1 - - [20/Oct/2024:14:03:47 +0000] "GET /api/v1/ HTTP/1.1" 304 - "-" "Mozilla/5.0 (Windows NT 10.0; Win64; x64) AppleWebKit/537.36 (KHTML, like Gecko) Chrome/129.0.0.0 Safari/537.36"

info: ::1 - - [20/Oct/2024:14:03:48 +0000] "GET /api/v1/ HTTP/1.1" 304 - "-" "Mozilla/5.0 (Windows NT 10.0; Win64; x64) AppleWebKit/537.36 (KHTML, like Gecko) Chrome/129.0.0.0 Safari/537.36"

info: ::1 - - [20/Oct/2024:14:03:49 +0000] "GET /api/v1/ HTTP/1.1" 304 - "-" "Mozilla/5.0 (Windows NT 10.0; Win64; x64) AppleWebKit/537.36 (KHTML, like Gecko) Chrome/129.0.0.0 Safari/537.36"

info: ::1 - - [20/Oct/2024:14:04:18 +0000] "GET /api/v1/users HTTP/1.1" 404 47 "-" "PostmanRuntime/7.42.0"

info: ::1 - - [20/Oct/2024:14:06:08 +0000] "POST /api/v1/register HTTP/1.1" 404 47 "-" "PostmanRuntime/7.42.0"

info: ::1 - - [20/Oct/2024:14:06:41 +0000] "GET /api/v1/ HTTP/1.1" 304 - "-" "Mozilla/5.0 (Windows NT 10.0; Win64; x64) AppleWebKit/537.36 (KHTML, like Gecko) Chrome/129.0.0.0 Safari/537.36"

info: ::1 - - [20/Oct/2024:14:07:04 +0000] "POST /api/v1/users HTTP/1.1" 404 47 "-" "PostmanRuntime/7.42.0"

info: ::1 - - [20/Oct/2024:14:07:13 +0000] "POST /api/v1 HTTP/1.1" 404 47 "-" "PostmanRuntime/7.42.0"

info: ::1 - - [20/Oct/2024:14:07:16 +0000] "POST /api/v1 HTTP/1.1" 404 47 "-" "PostmanRuntime/7.42.0"

info: ::1 - - [20/Oct/2024:14:08:17 +0000] "POST /api/v1/register HTTP/1.1" 404 47 "-" "PostmanRuntime/7.42.0"

info: ::1 - - [20/Oct/2024:14:08:18 +0000] "POST /api/v1/register HTTP/1.1" 404 47 "-" "PostmanRuntime/7.42.0"

info: ::1 - - [20/Oct/2024:14:08:43 +0000] "POST /api/v1/register HTTP/1.1" 404 47 "-" "PostmanRuntime/7.42.0"

info: ::1 - - [20/Oct/2024:14:08:52 +0000] "POST /api/v1/register/users HTTP/1.1" 404 47 "-" "PostmanRuntime/7.42.0"

info: ::1 - - [20/Oct/2024:14:08:54 +0000] "POST /api/v1/register/users HTTP/1.1" 404 47 "-" "PostmanRuntime/7.42.0"

info: ::1 - - [21/Oct/2024:17:52:28 +0000] "GET /api/v1/ HTTP/1.1" 200 9 "-" "Mozilla/5.0 (Windows NT 10.0; Win64; x64) AppleWebKit/537.36 (KHTML, like Gecko) Chrome/130.0.0.0 Safari/537.36"

info: ::1 - - [21/Oct/2024:17:53:05 +0000] "POST /api/v1/users HTTP/1.1" 404 47 "-" "PostmanRuntime/7.42.0"

info: ::1 - - [21/Oct/2024:17:53:11 +0000] "POST /api/v1/users/register HTTP/1.1" 201 308 "-" "PostmanRuntime/7.42.0"

info: ::1 - - [21/Oct/2024:17:56:23 +0000] "POST /api/v1/users/register HTTP/1.1" 201 312 "-" "PostmanRuntime/7.42.0"

info: ::1 - - [21/Oct/2024:17:56:46 +0000] "POST /api/v1/users/login HTTP/1.1" 200 224 "-" "PostmanRuntime/7.42.0"

info: ::1 - - [21/Oct/2024:17:57:20 +0000] "POST /api/v1/users/login HTTP/1.1" 401 50 "-" "PostmanRuntime/7.42.0"

info: ::1 - - [21/Oct/2024:17:57:25 +0000] "POST /api/v1/users/login HTTP/1.1" 200 224 "-" "PostmanRuntime/7.42.0"

info: ::1 - - [21/Oct/2024:17:57:33 +0000] "POST /api/v1/users/register HTTP/1.1" 400 44 "-" "PostmanRuntime/7.42.0"

info: ::1 - - [21/Oct/2024:17:58:19 +0000] "GET /api/v1/users HTTP/1.1" 404 47 "-" "PostmanRuntime/7.42.0"

info: ::1 - - [21/Oct/2024:17:58:24 +0000] "GET /api/v1/users HTTP/1.1" 404 47 "-" "PostmanRuntime/7.42.0"

info: ::1 - - [21/Oct/2024:17:59:08 +0000] "GET /api/v1/users/register HTTP/1.1" 404 47 "-" "PostmanRuntime/7.42.0"

info: ::1 - - [21/Oct/2024:17:59:15 +0000] "GET /api/v1/users/ HTTP/1.1" 404 47 "-" "PostmanRuntime/7.42.0"

info: ::1 - - [21/Oct/2024:17:59:24 +0000] "GET /api/v1/users HTTP/1.1" 404 47 "-" "PostmanRuntime/7.42.0"

info: ::1 - - [21/Oct/2024:17:59:37 +0000] "GET /api/v1/ HTTP/1.1" 304 - "-" "Mozilla/5.0 (Windows NT 10.0; Win64; x64) AppleWebKit/537.36 (KHTML, like Gecko) Chrome/130.0.0.0 Safari/537.36"

info: ::1 - - [21/Oct/2024:18:00:20 +0000] "POST /api/v1/users/register HTTP/1.1" 201 308 "-" "PostmanRuntime/7.42.0"

info: ::1 - - [21/Oct/2024:18:00:39 +0000] "POST /api/v1/users/login HTTP/1.1" 200 224 "-" "PostmanRuntime/7.42.0"

info: ::1 - - [21/Oct/2024:18:00:39 +0000] "POST /api/v1/users/login HTTP/1.1" 200 224 "-" "PostmanRuntime/7.42.0"

info: ::1 - - [21/Oct/2024:18:00:48 +0000] "POST /api/v1/users/login HTTP/1.1" 401 50 "-" "PostmanRuntime/7.42.0"

info: ::1 - - [21/Oct/2024:18:00:54 +0000] "POST /api/v1/users/login HTTP/1.1" 401 50 "-" "PostmanRuntime/7.42.0"

info: ::1 - - [21/Oct/2024:18:01:04 +0000] "POST /api/v1/users/register HTTP/1.1" 400 44 "-" "PostmanRuntime/7.42.0"

